2020-08-04 14:13:24.440 [restartedMain] INFO  com.fire.Application-Starting Application on DESKTOP-8D4RPUO with PID 10628 (E:\jiyun_workspace\jiyun_back\target\classes started by qdupr in E:\jiyun_workspace\jiyun_back)
2020-08-04 14:13:24.440 [restartedMain] INFO  com.fire.Application-No active profile set, falling back to default profiles: default
2020-08-04 14:13:24.502 [restartedMain] INFO  o.s.b.d.env.DevToolsPropertyDefaultsPostProcessor-Devtools property defaults active! Set 'spring.devtools.add-properties' to 'false' to disable
2020-08-04 14:13:24.502 [restartedMain] INFO  o.s.b.d.env.DevToolsPropertyDefaultsPostProcessor-For additional web related logging consider setting the 'logging.level.web' property to 'DEBUG'
2020-08-04 14:13:26.041 [restartedMain] INFO  o.s.c.s.PostProcessorRegistrationDelegate$BeanPostProcessorChecker-Bean 'shiroConfig' of type [com.fire.back.config.ShiroConfig$$EnhancerBySpringCGLIB$$dfb8fe44] is not eligible for getting processed by all BeanPostProcessors (for example: not eligible for auto-proxying)
2020-08-04 14:13:26.615 [restartedMain] INFO  o.s.c.s.PostProcessorRegistrationDelegate$BeanPostProcessorChecker-Bean 'hashedCredentialsMatcher' of type [org.apache.shiro.authc.credential.HashedCredentialsMatcher] is not eligible for getting processed by all BeanPostProcessors (for example: not eligible for auto-proxying)
2020-08-04 14:13:26.630 [restartedMain] INFO  o.s.c.s.PostProcessorRegistrationDelegate$BeanPostProcessorChecker-Bean 'myShiroRealm' of type [com.fire.back.config.MyShiroRealm] is not eligible for getting processed by all BeanPostProcessors (for example: not eligible for auto-proxying)
2020-08-04 14:13:26.630 [restartedMain] INFO  o.s.c.s.PostProcessorRegistrationDelegate$BeanPostProcessorChecker-Bean 'securityManager' of type [org.apache.shiro.web.mgt.DefaultWebSecurityManager] is not eligible for getting processed by all BeanPostProcessors (for example: not eligible for auto-proxying)
2020-08-04 14:13:26.662 [restartedMain] INFO  o.s.c.s.PostProcessorRegistrationDelegate$BeanPostProcessorChecker-Bean 'org.springframework.transaction.annotation.ProxyTransactionManagementConfiguration' of type [org.springframework.transaction.annotation.ProxyTransactionManagementConfiguration$$EnhancerBySpringCGLIB$$52a593bc] is not eligible for getting processed by all BeanPostProcessors (for example: not eligible for auto-proxying)
2020-08-04 14:13:26.662 [restartedMain] INFO  o.s.c.s.PostProcessorRegistrationDelegate$BeanPostProcessorChecker-Bean 'authorizationAttributeSourceAdvisor' of type [org.apache.shiro.spring.security.interceptor.AuthorizationAttributeSourceAdvisor] is not eligible for getting processed by all BeanPostProcessors (for example: not eligible for auto-proxying)
2020-08-04 14:13:27.117 [restartedMain] INFO  o.s.boot.web.embedded.tomcat.TomcatWebServer-Tomcat initialized with port(s): 8081 (http)
2020-08-04 14:13:27.133 [restartedMain] INFO  org.apache.coyote.http11.Http11NioProtocol-Initializing ProtocolHandler ["http-nio-8081"]
2020-08-04 14:13:27.148 [restartedMain] INFO  org.apache.catalina.core.StandardService-Starting service [Tomcat]
2020-08-04 14:13:27.148 [restartedMain] INFO  org.apache.catalina.core.StandardEngine-Starting Servlet engine: [Apache Tomcat/9.0.16]
2020-08-04 14:13:27.148 [restartedMain] INFO  org.apache.catalina.core.AprLifecycleListener-The APR based Apache Tomcat Native library which allows optimal performance in production environments was not found on the java.library.path: [C:\Program Files\Java\jdk1.8.0_221\bin;C:\WINDOWS\Sun\Java\bin;C:\WINDOWS\system32;C:\WINDOWS;C:\Program Files\Java\jdk1.8.0_221\bin;C:\Program Files (x86)\Common Files\Oracle\Java\javapath;C:\WINDOWS\system32;C:\WINDOWS;C:\WINDOWS\System32\Wbem;C:\WINDOWS\System32\WindowsPowerShell\v1.0\;C:\WINDOWS\System32\OpenSSH\;D:\software\Git\cmd;C:\Program Files (x86)\NVIDIA Corporation\PhysX\Common;C:\Program Files\OpenSSL-Win64\bin;C:\Users\qdupr\AppData\Local\Microsoft\WindowsApps;;D:\software\Microsoft VS Code\bin;.]
2020-08-04 14:13:27.305 [restartedMain] INFO  o.a.c.core.ContainerBase.[Tomcat].[localhost].[/]-Initializing Spring embedded WebApplicationContext
2020-08-04 14:13:27.539 [restartedMain] INFO  c.a.d.s.b.a.DruidDataSourceAutoConfigure-Init DruidDataSource
2020-08-04 14:13:28.901 [restartedMain] INFO  com.alibaba.druid.pool.DruidDataSource-{dataSource-1} inited
2020-08-04 14:13:29.864 [restartedMain] INFO  s.d.s.w.PropertySourcedRequestMappingHandlerMapping-Mapped URL path [/v2/api-docs] onto method [public org.springframework.http.ResponseEntity<springfox.documentation.spring.web.json.Json> springfox.documentation.swagger2.web.Swagger2Controller.getDocumentation(java.lang.String,javax.servlet.http.HttpServletRequest)]
2020-08-04 14:13:29.974 [restartedMain] INFO  o.s.b.d.autoconfigure.OptionalLiveReloadServer-LiveReload server is running on port 35729
2020-08-04 14:13:30.392 [restartedMain] INFO  s.d.s.web.plugins.DocumentationPluginsBootstrapper-Context refreshed
2020-08-04 14:13:30.408 [restartedMain] INFO  s.d.s.web.plugins.DocumentationPluginsBootstrapper-Found 1 custom documentation plugin(s)
2020-08-04 14:13:30.439 [restartedMain] INFO  s.d.spring.web.scanners.ApiListingReferenceScanner-Scanning for api listing references
2020-08-04 14:13:30.580 [restartedMain] INFO  s.d.s.w.r.operation.CachingOperationNameGenerator-Generating unique operation named: getListUsingPOST_1
2020-08-04 14:13:30.595 [restartedMain] INFO  s.d.s.w.r.operation.CachingOperationNameGenerator-Generating unique operation named: getAddressListUsingPOST_1
2020-08-04 14:13:30.673 [restartedMain] WARN  s.d.s.w.readers.parameter.ParameterDataTypeReader-Trying to infer dataType org.springframework.ui.ModelMap
2020-08-04 14:13:30.720 [restartedMain] WARN  s.d.s.w.readers.parameter.ParameterDataTypeReader-Trying to infer dataType org.springframework.ui.ModelMap
2020-08-04 14:13:30.720 [restartedMain] INFO  s.d.s.w.r.operation.CachingOperationNameGenerator-Generating unique operation named: indexUsingGET_1
2020-08-04 14:13:30.736 [restartedMain] INFO  s.d.s.w.r.operation.CachingOperationNameGenerator-Generating unique operation named: getUserInfoUsingPOST_1
2020-08-04 14:13:30.752 [restartedMain] INFO  org.apache.coyote.http11.Http11NioProtocol-Starting ProtocolHandler ["http-nio-8081"]
2020-08-04 14:13:30.767 [restartedMain] INFO  o.s.boot.web.embedded.tomcat.TomcatWebServer-Tomcat started on port(s): 8081 (http) with context path ''
2020-08-04 14:13:30.767 [restartedMain] INFO  com.fire.Application-Started Application in 7.014 seconds (JVM running for 9.368)
2020-08-04 14:23:57.822 [http-nio-8081-exec-1] INFO  o.a.c.core.ContainerBase.[Tomcat].[localhost].[/]-Initializing Spring DispatcherServlet 'dispatcherServlet'
2020-08-04 15:57:42.245 [restartedMain] INFO  com.fire.Application-Starting Application on DESKTOP-8D4RPUO with PID 6684 (E:\jiyun_workspace\jiyun_back\target\classes started by qdupr in E:\jiyun_workspace\jiyun_back)
2020-08-04 15:57:42.247 [restartedMain] INFO  com.fire.Application-No active profile set, falling back to default profiles: default
2020-08-04 15:57:42.310 [restartedMain] INFO  o.s.b.d.env.DevToolsPropertyDefaultsPostProcessor-Devtools property defaults active! Set 'spring.devtools.add-properties' to 'false' to disable
2020-08-04 15:57:42.310 [restartedMain] INFO  o.s.b.d.env.DevToolsPropertyDefaultsPostProcessor-For additional web related logging consider setting the 'logging.level.web' property to 'DEBUG'
2020-08-04 15:57:43.651 [restartedMain] INFO  o.s.c.s.PostProcessorRegistrationDelegate$BeanPostProcessorChecker-Bean 'shiroConfig' of type [com.fire.back.config.ShiroConfig$$EnhancerBySpringCGLIB$$a183aaef] is not eligible for getting processed by all BeanPostProcessors (for example: not eligible for auto-proxying)
2020-08-04 15:57:44.221 [restartedMain] INFO  o.s.c.s.PostProcessorRegistrationDelegate$BeanPostProcessorChecker-Bean 'hashedCredentialsMatcher' of type [org.apache.shiro.authc.credential.HashedCredentialsMatcher] is not eligible for getting processed by all BeanPostProcessors (for example: not eligible for auto-proxying)
2020-08-04 15:57:44.232 [restartedMain] INFO  o.s.c.s.PostProcessorRegistrationDelegate$BeanPostProcessorChecker-Bean 'myShiroRealm' of type [com.fire.back.config.MyShiroRealm] is not eligible for getting processed by all BeanPostProcessors (for example: not eligible for auto-proxying)
2020-08-04 15:57:44.236 [restartedMain] INFO  o.s.c.s.PostProcessorRegistrationDelegate$BeanPostProcessorChecker-Bean 'securityManager' of type [org.apache.shiro.web.mgt.DefaultWebSecurityManager] is not eligible for getting processed by all BeanPostProcessors (for example: not eligible for auto-proxying)
2020-08-04 15:57:44.272 [restartedMain] INFO  o.s.c.s.PostProcessorRegistrationDelegate$BeanPostProcessorChecker-Bean 'org.springframework.transaction.annotation.ProxyTransactionManagementConfiguration' of type [org.springframework.transaction.annotation.ProxyTransactionManagementConfiguration$$EnhancerBySpringCGLIB$$14704067] is not eligible for getting processed by all BeanPostProcessors (for example: not eligible for auto-proxying)
2020-08-04 15:57:44.285 [restartedMain] INFO  o.s.c.s.PostProcessorRegistrationDelegate$BeanPostProcessorChecker-Bean 'authorizationAttributeSourceAdvisor' of type [org.apache.shiro.spring.security.interceptor.AuthorizationAttributeSourceAdvisor] is not eligible for getting processed by all BeanPostProcessors (for example: not eligible for auto-proxying)
2020-08-04 15:57:44.758 [restartedMain] INFO  o.s.boot.web.embedded.tomcat.TomcatWebServer-Tomcat initialized with port(s): 8081 (http)
2020-08-04 15:57:44.776 [restartedMain] INFO  org.apache.coyote.http11.Http11NioProtocol-Initializing ProtocolHandler ["http-nio-8081"]
2020-08-04 15:57:44.788 [restartedMain] INFO  org.apache.catalina.core.StandardService-Starting service [Tomcat]
2020-08-04 15:57:44.788 [restartedMain] INFO  org.apache.catalina.core.StandardEngine-Starting Servlet engine: [Apache Tomcat/9.0.16]
2020-08-04 15:57:44.795 [restartedMain] INFO  org.apache.catalina.core.AprLifecycleListener-The APR based Apache Tomcat Native library which allows optimal performance in production environments was not found on the java.library.path: [C:\Program Files\Java\jdk1.8.0_221\bin;C:\WINDOWS\Sun\Java\bin;C:\WINDOWS\system32;C:\WINDOWS;C:\Program Files\Java\jdk1.8.0_221\bin;C:\Program Files (x86)\Common Files\Oracle\Java\javapath;C:\WINDOWS\system32;C:\WINDOWS;C:\WINDOWS\System32\Wbem;C:\WINDOWS\System32\WindowsPowerShell\v1.0\;C:\WINDOWS\System32\OpenSSH\;D:\software\Git\cmd;C:\Program Files (x86)\NVIDIA Corporation\PhysX\Common;C:\Program Files\OpenSSL-Win64\bin;C:\Users\qdupr\AppData\Local\Microsoft\WindowsApps;;D:\software\Microsoft VS Code\bin;.]
2020-08-04 15:57:44.926 [restartedMain] INFO  o.a.c.core.ContainerBase.[Tomcat].[localhost].[/]-Initializing Spring embedded WebApplicationContext
2020-08-04 15:57:45.136 [restartedMain] INFO  c.a.d.s.b.a.DruidDataSourceAutoConfigure-Init DruidDataSource
2020-08-04 15:57:46.315 [restartedMain] INFO  com.alibaba.druid.pool.DruidDataSource-{dataSource-1} inited
2020-08-04 15:57:47.111 [restartedMain] INFO  s.d.s.w.PropertySourcedRequestMappingHandlerMapping-Mapped URL path [/v2/api-docs] onto method [public org.springframework.http.ResponseEntity<springfox.documentation.spring.web.json.Json> springfox.documentation.swagger2.web.Swagger2Controller.getDocumentation(java.lang.String,javax.servlet.http.HttpServletRequest)]
2020-08-04 15:57:47.242 [restartedMain] INFO  o.s.b.d.autoconfigure.OptionalLiveReloadServer-LiveReload server is running on port 35729
2020-08-04 15:57:47.634 [restartedMain] INFO  s.d.s.web.plugins.DocumentationPluginsBootstrapper-Context refreshed
2020-08-04 15:57:47.646 [restartedMain] INFO  s.d.s.web.plugins.DocumentationPluginsBootstrapper-Found 1 custom documentation plugin(s)
2020-08-04 15:57:47.679 [restartedMain] INFO  s.d.spring.web.scanners.ApiListingReferenceScanner-Scanning for api listing references
2020-08-04 15:57:47.811 [restartedMain] INFO  s.d.s.w.r.operation.CachingOperationNameGenerator-Generating unique operation named: getListUsingPOST_1
2020-08-04 15:57:47.819 [restartedMain] INFO  s.d.s.w.r.operation.CachingOperationNameGenerator-Generating unique operation named: getAddressListUsingPOST_1
2020-08-04 15:57:47.919 [restartedMain] WARN  s.d.s.w.readers.parameter.ParameterDataTypeReader-Trying to infer dataType org.springframework.ui.ModelMap
2020-08-04 15:57:47.952 [restartedMain] WARN  s.d.s.w.readers.parameter.ParameterDataTypeReader-Trying to infer dataType org.springframework.ui.ModelMap
2020-08-04 15:57:47.953 [restartedMain] INFO  s.d.s.w.r.operation.CachingOperationNameGenerator-Generating unique operation named: indexUsingGET_1
2020-08-04 15:57:47.968 [restartedMain] INFO  s.d.s.w.r.operation.CachingOperationNameGenerator-Generating unique operation named: getUserInfoUsingPOST_1
2020-08-04 15:57:47.987 [restartedMain] INFO  org.apache.coyote.http11.Http11NioProtocol-Starting ProtocolHandler ["http-nio-8081"]
2020-08-04 15:57:48.008 [restartedMain] INFO  o.s.boot.web.embedded.tomcat.TomcatWebServer-Tomcat started on port(s): 8081 (http) with context path ''
2020-08-04 15:57:48.010 [restartedMain] INFO  com.fire.Application-Started Application in 6.191 seconds (JVM running for 7.579)
2020-08-04 15:58:05.561 [http-nio-8081-exec-1] INFO  o.a.c.core.ContainerBase.[Tomcat].[localhost].[/]-Initializing Spring DispatcherServlet 'dispatcherServlet'
