2020-07-31 12:15:23.665 [restartedMain] INFO  com.fire.Application-Starting Application on DESKTOP-8D4RPUO with PID 10160 (E:\jiyun_workspace\jiyun_back\target\classes started by qdupr in E:\jiyun_workspace\jiyun_back)
2020-07-31 12:15:23.665 [restartedMain] INFO  com.fire.Application-No active profile set, falling back to default profiles: default
2020-07-31 12:15:23.875 [restartedMain] INFO  o.s.b.d.env.DevToolsPropertyDefaultsPostProcessor-Devtools property defaults active! Set 'spring.devtools.add-properties' to 'false' to disable
2020-07-31 12:15:23.875 [restartedMain] INFO  o.s.b.d.env.DevToolsPropertyDefaultsPostProcessor-For additional web related logging consider setting the 'logging.level.web' property to 'DEBUG'
2020-07-31 12:15:25.274 [restartedMain] INFO  o.s.c.s.PostProcessorRegistrationDelegate$BeanPostProcessorChecker-Bean 'shiroConfig' of type [com.fire.back.config.ShiroConfig$$EnhancerBySpringCGLIB$$aeb51e11] is not eligible for getting processed by all BeanPostProcessors (for example: not eligible for auto-proxying)
2020-07-31 12:15:26.032 [restartedMain] INFO  o.s.c.s.PostProcessorRegistrationDelegate$BeanPostProcessorChecker-Bean 'hashedCredentialsMatcher' of type [org.apache.shiro.authc.credential.HashedCredentialsMatcher] is not eligible for getting processed by all BeanPostProcessors (for example: not eligible for auto-proxying)
2020-07-31 12:15:26.042 [restartedMain] INFO  o.s.c.s.PostProcessorRegistrationDelegate$BeanPostProcessorChecker-Bean 'myShiroRealm' of type [com.fire.back.config.MyShiroRealm] is not eligible for getting processed by all BeanPostProcessors (for example: not eligible for auto-proxying)
2020-07-31 12:15:26.042 [restartedMain] INFO  o.s.c.s.PostProcessorRegistrationDelegate$BeanPostProcessorChecker-Bean 'securityManager' of type [org.apache.shiro.web.mgt.DefaultWebSecurityManager] is not eligible for getting processed by all BeanPostProcessors (for example: not eligible for auto-proxying)
2020-07-31 12:15:26.072 [restartedMain] INFO  o.s.c.s.PostProcessorRegistrationDelegate$BeanPostProcessorChecker-Bean 'org.springframework.transaction.annotation.ProxyTransactionManagementConfiguration' of type [org.springframework.transaction.annotation.ProxyTransactionManagementConfiguration$$EnhancerBySpringCGLIB$$21a1b389] is not eligible for getting processed by all BeanPostProcessors (for example: not eligible for auto-proxying)
2020-07-31 12:15:26.082 [restartedMain] INFO  o.s.c.s.PostProcessorRegistrationDelegate$BeanPostProcessorChecker-Bean 'authorizationAttributeSourceAdvisor' of type [org.apache.shiro.spring.security.interceptor.AuthorizationAttributeSourceAdvisor] is not eligible for getting processed by all BeanPostProcessors (for example: not eligible for auto-proxying)
2020-07-31 12:15:26.562 [restartedMain] INFO  o.s.boot.web.embedded.tomcat.TomcatWebServer-Tomcat initialized with port(s): 8081 (http)
2020-07-31 12:15:26.602 [restartedMain] INFO  org.apache.coyote.http11.Http11NioProtocol-Initializing ProtocolHandler ["http-nio-8081"]
2020-07-31 12:15:26.612 [restartedMain] INFO  org.apache.catalina.core.StandardService-Starting service [Tomcat]
2020-07-31 12:15:26.612 [restartedMain] INFO  org.apache.catalina.core.StandardEngine-Starting Servlet engine: [Apache Tomcat/9.0.16]
2020-07-31 12:15:26.622 [restartedMain] INFO  org.apache.catalina.core.AprLifecycleListener-The APR based Apache Tomcat Native library which allows optimal performance in production environments was not found on the java.library.path: [C:\Program Files\Java\jdk1.8.0_221\bin;C:\WINDOWS\Sun\Java\bin;C:\WINDOWS\system32;C:\WINDOWS;E:\software\;C:\Program Files\Java\jdk1.8.0_221\bin;C:\Program Files (x86)\Common Files\Oracle\Java\javapath;C:\WINDOWS\system32;C:\WINDOWS;C:\WINDOWS\System32\Wbem;C:\WINDOWS\System32\WindowsPowerShell\v1.0\;C:\WINDOWS\System32\OpenSSH\;D:\software\Git\cmd;C:\Program Files (x86)\NVIDIA Corporation\PhysX\Common;C:\Program Files\OpenSSL-Win64\bin;C:\Users\qdupr\AppData\Local\Microsoft\WindowsApps;;D:\software\Microsoft VS Code\bin;.]
2020-07-31 12:15:26.732 [restartedMain] INFO  o.a.c.core.ContainerBase.[Tomcat].[localhost].[/]-Initializing Spring embedded WebApplicationContext
2020-07-31 12:15:26.962 [restartedMain] INFO  c.a.d.s.b.a.DruidDataSourceAutoConfigure-Init DruidDataSource
2020-07-31 12:15:30.273 [restartedMain] INFO  com.alibaba.druid.pool.DruidDataSource-{dataSource-1} inited
2020-07-31 12:15:32.013 [restartedMain] INFO  s.d.s.w.PropertySourcedRequestMappingHandlerMapping-Mapped URL path [/v2/api-docs] onto method [public org.springframework.http.ResponseEntity<springfox.documentation.spring.web.json.Json> springfox.documentation.swagger2.web.Swagger2Controller.getDocumentation(java.lang.String,javax.servlet.http.HttpServletRequest)]
2020-07-31 12:15:32.140 [restartedMain] INFO  o.s.b.d.autoconfigure.OptionalLiveReloadServer-LiveReload server is running on port 35729
2020-07-31 12:15:32.637 [restartedMain] INFO  s.d.s.web.plugins.DocumentationPluginsBootstrapper-Context refreshed
2020-07-31 12:15:32.647 [restartedMain] INFO  s.d.s.web.plugins.DocumentationPluginsBootstrapper-Found 1 custom documentation plugin(s)
2020-07-31 12:15:32.697 [restartedMain] INFO  s.d.spring.web.scanners.ApiListingReferenceScanner-Scanning for api listing references
2020-07-31 12:15:32.847 [restartedMain] INFO  s.d.s.w.r.operation.CachingOperationNameGenerator-Generating unique operation named: getListUsingPOST_1
2020-07-31 12:15:32.857 [restartedMain] INFO  s.d.s.w.r.operation.CachingOperationNameGenerator-Generating unique operation named: getAddressListUsingPOST_1
2020-07-31 12:15:32.947 [restartedMain] WARN  s.d.s.w.readers.parameter.ParameterDataTypeReader-Trying to infer dataType org.springframework.ui.ModelMap
2020-07-31 12:15:32.977 [restartedMain] WARN  s.d.s.w.readers.parameter.ParameterDataTypeReader-Trying to infer dataType org.springframework.ui.ModelMap
2020-07-31 12:15:32.977 [restartedMain] INFO  s.d.s.w.r.operation.CachingOperationNameGenerator-Generating unique operation named: indexUsingGET_1
2020-07-31 12:15:32.997 [restartedMain] INFO  s.d.s.w.r.operation.CachingOperationNameGenerator-Generating unique operation named: getUserInfoUsingPOST_1
2020-07-31 12:15:33.017 [restartedMain] INFO  org.apache.coyote.http11.Http11NioProtocol-Starting ProtocolHandler ["http-nio-8081"]
2020-07-31 12:15:33.037 [restartedMain] INFO  o.s.boot.web.embedded.tomcat.TomcatWebServer-Tomcat started on port(s): 8081 (http) with context path ''
2020-07-31 12:15:33.037 [restartedMain] INFO  com.fire.Application-Started Application in 11.06 seconds (JVM running for 13.45)
2020-07-31 12:17:06.494 [restartedMain] INFO  com.fire.Application-Starting Application on DESKTOP-8D4RPUO with PID 13852 (E:\jiyun_workspace\jiyun_back\target\classes started by qdupr in E:\jiyun_workspace\jiyun_back)
2020-07-31 12:17:06.498 [restartedMain] INFO  com.fire.Application-No active profile set, falling back to default profiles: default
2020-07-31 12:17:06.579 [restartedMain] INFO  o.s.b.d.env.DevToolsPropertyDefaultsPostProcessor-Devtools property defaults active! Set 'spring.devtools.add-properties' to 'false' to disable
2020-07-31 12:17:06.580 [restartedMain] INFO  o.s.b.d.env.DevToolsPropertyDefaultsPostProcessor-For additional web related logging consider setting the 'logging.level.web' property to 'DEBUG'
2020-07-31 12:17:08.522 [restartedMain] INFO  o.s.c.s.PostProcessorRegistrationDelegate$BeanPostProcessorChecker-Bean 'shiroConfig' of type [com.fire.back.config.ShiroConfig$$EnhancerBySpringCGLIB$$199a4e2b] is not eligible for getting processed by all BeanPostProcessors (for example: not eligible for auto-proxying)
2020-07-31 12:17:09.638 [restartedMain] INFO  o.s.c.s.PostProcessorRegistrationDelegate$BeanPostProcessorChecker-Bean 'hashedCredentialsMatcher' of type [org.apache.shiro.authc.credential.HashedCredentialsMatcher] is not eligible for getting processed by all BeanPostProcessors (for example: not eligible for auto-proxying)
2020-07-31 12:17:09.658 [restartedMain] INFO  o.s.c.s.PostProcessorRegistrationDelegate$BeanPostProcessorChecker-Bean 'myShiroRealm' of type [com.fire.back.config.MyShiroRealm] is not eligible for getting processed by all BeanPostProcessors (for example: not eligible for auto-proxying)
2020-07-31 12:17:09.664 [restartedMain] INFO  o.s.c.s.PostProcessorRegistrationDelegate$BeanPostProcessorChecker-Bean 'securityManager' of type [org.apache.shiro.web.mgt.DefaultWebSecurityManager] is not eligible for getting processed by all BeanPostProcessors (for example: not eligible for auto-proxying)
2020-07-31 12:17:09.708 [restartedMain] INFO  o.s.c.s.PostProcessorRegistrationDelegate$BeanPostProcessorChecker-Bean 'org.springframework.transaction.annotation.ProxyTransactionManagementConfiguration' of type [org.springframework.transaction.annotation.ProxyTransactionManagementConfiguration$$EnhancerBySpringCGLIB$$8c86e3a3] is not eligible for getting processed by all BeanPostProcessors (for example: not eligible for auto-proxying)
2020-07-31 12:17:09.718 [restartedMain] INFO  o.s.c.s.PostProcessorRegistrationDelegate$BeanPostProcessorChecker-Bean 'authorizationAttributeSourceAdvisor' of type [org.apache.shiro.spring.security.interceptor.AuthorizationAttributeSourceAdvisor] is not eligible for getting processed by all BeanPostProcessors (for example: not eligible for auto-proxying)
2020-07-31 12:17:10.277 [restartedMain] INFO  o.s.boot.web.embedded.tomcat.TomcatWebServer-Tomcat initialized with port(s): 8081 (http)
2020-07-31 12:17:10.295 [restartedMain] INFO  org.apache.coyote.http11.Http11NioProtocol-Initializing ProtocolHandler ["http-nio-8081"]
2020-07-31 12:17:10.304 [restartedMain] INFO  org.apache.catalina.core.StandardService-Starting service [Tomcat]
2020-07-31 12:17:10.305 [restartedMain] INFO  org.apache.catalina.core.StandardEngine-Starting Servlet engine: [Apache Tomcat/9.0.16]
2020-07-31 12:17:10.312 [restartedMain] INFO  org.apache.catalina.core.AprLifecycleListener-The APR based Apache Tomcat Native library which allows optimal performance in production environments was not found on the java.library.path: [C:\Program Files\Java\jdk1.8.0_221\bin;C:\WINDOWS\Sun\Java\bin;C:\WINDOWS\system32;C:\WINDOWS;E:\software\;C:\Program Files\Java\jdk1.8.0_221\bin;C:\Program Files (x86)\Common Files\Oracle\Java\javapath;C:\WINDOWS\system32;C:\WINDOWS;C:\WINDOWS\System32\Wbem;C:\WINDOWS\System32\WindowsPowerShell\v1.0\;C:\WINDOWS\System32\OpenSSH\;D:\software\Git\cmd;C:\Program Files (x86)\NVIDIA Corporation\PhysX\Common;C:\Program Files\OpenSSL-Win64\bin;C:\Users\qdupr\AppData\Local\Microsoft\WindowsApps;;D:\software\Microsoft VS Code\bin;.]
2020-07-31 12:17:10.547 [restartedMain] INFO  o.a.c.core.ContainerBase.[Tomcat].[localhost].[/]-Initializing Spring embedded WebApplicationContext
2020-07-31 12:17:10.752 [restartedMain] INFO  c.a.d.s.b.a.DruidDataSourceAutoConfigure-Init DruidDataSource
2020-07-31 12:17:14.118 [restartedMain] INFO  com.alibaba.druid.pool.DruidDataSource-{dataSource-1} inited
2020-07-31 12:17:15.764 [restartedMain] INFO  s.d.s.w.PropertySourcedRequestMappingHandlerMapping-Mapped URL path [/v2/api-docs] onto method [public org.springframework.http.ResponseEntity<springfox.documentation.spring.web.json.Json> springfox.documentation.swagger2.web.Swagger2Controller.getDocumentation(java.lang.String,javax.servlet.http.HttpServletRequest)]
2020-07-31 12:17:15.949 [restartedMain] INFO  o.s.b.d.autoconfigure.OptionalLiveReloadServer-LiveReload server is running on port 35729
2020-07-31 12:17:16.555 [restartedMain] INFO  s.d.s.web.plugins.DocumentationPluginsBootstrapper-Context refreshed
2020-07-31 12:17:16.573 [restartedMain] INFO  s.d.s.web.plugins.DocumentationPluginsBootstrapper-Found 1 custom documentation plugin(s)
2020-07-31 12:17:16.626 [restartedMain] INFO  s.d.spring.web.scanners.ApiListingReferenceScanner-Scanning for api listing references
2020-07-31 12:17:16.837 [restartedMain] INFO  s.d.s.w.r.operation.CachingOperationNameGenerator-Generating unique operation named: getListUsingPOST_1
2020-07-31 12:17:16.845 [restartedMain] INFO  s.d.s.w.r.operation.CachingOperationNameGenerator-Generating unique operation named: getAddressListUsingPOST_1
2020-07-31 12:17:16.977 [restartedMain] WARN  s.d.s.w.readers.parameter.ParameterDataTypeReader-Trying to infer dataType org.springframework.ui.ModelMap
2020-07-31 12:17:17.027 [restartedMain] WARN  s.d.s.w.readers.parameter.ParameterDataTypeReader-Trying to infer dataType org.springframework.ui.ModelMap
2020-07-31 12:17:17.030 [restartedMain] INFO  s.d.s.w.r.operation.CachingOperationNameGenerator-Generating unique operation named: indexUsingGET_1
2020-07-31 12:17:17.056 [restartedMain] INFO  s.d.s.w.r.operation.CachingOperationNameGenerator-Generating unique operation named: getUserInfoUsingPOST_1
2020-07-31 12:17:17.087 [restartedMain] INFO  org.apache.coyote.http11.Http11NioProtocol-Starting ProtocolHandler ["http-nio-8081"]
2020-07-31 12:17:17.124 [restartedMain] INFO  o.s.boot.web.embedded.tomcat.TomcatWebServer-Tomcat started on port(s): 8081 (http) with context path ''
2020-07-31 12:17:17.128 [restartedMain] INFO  com.fire.Application-Started Application in 11.191 seconds (JVM running for 14.461)
2020-07-31 12:18:14.316 [http-nio-8081-exec-1] INFO  o.a.c.core.ContainerBase.[Tomcat].[localhost].[/]-Initializing Spring DispatcherServlet 'dispatcherServlet'
2020-07-31 12:18:30.659 [Thread-29] INFO  com.alibaba.druid.pool.DruidDataSource-{dataSource-1} closed
