2020-11-29 13:54:50.790 [restartedMain] INFO  com.fire.Application-Starting Application on DESKTOP-4GCQL52 with PID 7472 (C:\Users\Angelica\Desktop\jiyun_back\target\classes started by Angelica in C:\Users\Angelica\Desktop\jiyun_back)
2020-11-29 13:54:50.794 [restartedMain] INFO  com.fire.Application-No active profile set, falling back to default profiles: default
2020-11-29 13:54:50.974 [restartedMain] INFO  o.s.b.d.env.DevToolsPropertyDefaultsPostProcessor-Devtools property defaults active! Set 'spring.devtools.add-properties' to 'false' to disable
2020-11-29 13:54:50.974 [restartedMain] INFO  o.s.b.d.env.DevToolsPropertyDefaultsPostProcessor-For additional web related logging consider setting the 'logging.level.web' property to 'DEBUG'
2020-11-29 13:54:54.561 [restartedMain] INFO  o.s.c.s.PostProcessorRegistrationDelegate$BeanPostProcessorChecker-Bean 'shiroConfig' of type [com.fire.back.config.ShiroConfig$$EnhancerBySpringCGLIB$$4a4dc8b4] is not eligible for getting processed by all BeanPostProcessors (for example: not eligible for auto-proxying)
2020-11-29 13:54:55.178 [restartedMain] INFO  o.s.c.s.PostProcessorRegistrationDelegate$BeanPostProcessorChecker-Bean 'hashedCredentialsMatcher' of type [org.apache.shiro.authc.credential.HashedCredentialsMatcher] is not eligible for getting processed by all BeanPostProcessors (for example: not eligible for auto-proxying)
2020-11-29 13:54:55.196 [restartedMain] INFO  o.s.c.s.PostProcessorRegistrationDelegate$BeanPostProcessorChecker-Bean 'myShiroRealm' of type [com.fire.back.config.MyShiroRealm] is not eligible for getting processed by all BeanPostProcessors (for example: not eligible for auto-proxying)
2020-11-29 13:54:55.202 [restartedMain] INFO  o.s.c.s.PostProcessorRegistrationDelegate$BeanPostProcessorChecker-Bean 'securityManager' of type [org.apache.shiro.web.mgt.DefaultWebSecurityManager] is not eligible for getting processed by all BeanPostProcessors (for example: not eligible for auto-proxying)
2020-11-29 13:54:55.259 [restartedMain] INFO  o.s.c.s.PostProcessorRegistrationDelegate$BeanPostProcessorChecker-Bean 'org.springframework.transaction.annotation.ProxyTransactionManagementConfiguration' of type [org.springframework.transaction.annotation.ProxyTransactionManagementConfiguration$$EnhancerBySpringCGLIB$$bd3a5e2c] is not eligible for getting processed by all BeanPostProcessors (for example: not eligible for auto-proxying)
2020-11-29 13:54:55.274 [restartedMain] INFO  o.s.c.s.PostProcessorRegistrationDelegate$BeanPostProcessorChecker-Bean 'authorizationAttributeSourceAdvisor' of type [org.apache.shiro.spring.security.interceptor.AuthorizationAttributeSourceAdvisor] is not eligible for getting processed by all BeanPostProcessors (for example: not eligible for auto-proxying)
2020-11-29 13:54:55.350 [restartedMain] WARN  o.s.b.w.s.c.AnnotationConfigServletWebServerApplicationContext-Exception encountered during context initialization - cancelling refresh attempt: org.springframework.context.ApplicationContextException: Unable to start web server; nested exception is org.springframework.context.ApplicationContextException: Unable to start ServletWebServerApplicationContext due to missing ServletWebServerFactory bean.
2020-11-29 13:54:55.364 [restartedMain] INFO  o.s.b.a.l.ConditionEvaluationReportLoggingListener-

Error starting ApplicationContext. To display the conditions report re-run your application with 'debug' enabled.
2020-11-29 13:54:55.381 [restartedMain] ERROR org.springframework.boot.SpringApplication-Application run failed
org.springframework.context.ApplicationContextException: Unable to start web server; nested exception is org.springframework.context.ApplicationContextException: Unable to start ServletWebServerApplicationContext due to missing ServletWebServerFactory bean.
	at org.springframework.boot.web.servlet.context.ServletWebServerApplicationContext.onRefresh(ServletWebServerApplicationContext.java:157)
	at org.springframework.context.support.AbstractApplicationContext.refresh(AbstractApplicationContext.java:543)
	at org.springframework.boot.web.servlet.context.ServletWebServerApplicationContext.refresh(ServletWebServerApplicationContext.java:142)
	at org.springframework.boot.SpringApplication.refresh(SpringApplication.java:775)
	at org.springframework.boot.SpringApplication.refreshContext(SpringApplication.java:397)
	at org.springframework.boot.SpringApplication.run(SpringApplication.java:316)
	at org.springframework.boot.SpringApplication.run(SpringApplication.java:1260)
	at org.springframework.boot.SpringApplication.run(SpringApplication.java:1248)
	at com.fire.Application.main(Application.java:25)
	at sun.reflect.NativeMethodAccessorImpl.invoke0(Native Method)
	at sun.reflect.NativeMethodAccessorImpl.invoke(NativeMethodAccessorImpl.java:62)
	at sun.reflect.DelegatingMethodAccessorImpl.invoke(DelegatingMethodAccessorImpl.java:43)
	at java.lang.reflect.Method.invoke(Method.java:498)
	at org.springframework.boot.devtools.restart.RestartLauncher.run(RestartLauncher.java:49)
Caused by: org.springframework.context.ApplicationContextException: Unable to start ServletWebServerApplicationContext due to missing ServletWebServerFactory bean.
	at org.springframework.boot.web.servlet.context.ServletWebServerApplicationContext.getWebServerFactory(ServletWebServerApplicationContext.java:206)
	at org.springframework.boot.web.servlet.context.ServletWebServerApplicationContext.createWebServer(ServletWebServerApplicationContext.java:180)
	at org.springframework.boot.web.servlet.context.ServletWebServerApplicationContext.onRefresh(ServletWebServerApplicationContext.java:154)
	... 13 common frames omitted
2020-11-29 14:13:37.495 [restartedMain] INFO  com.fire.Application-Starting Application on DESKTOP-4GCQL52 with PID 9156 (C:\Users\Angelica\Desktop\jiyun_back\target\classes started by Angelica in C:\Users\Angelica\Desktop\jiyun_back)
2020-11-29 14:13:37.502 [restartedMain] INFO  com.fire.Application-No active profile set, falling back to default profiles: default
2020-11-29 14:13:37.610 [restartedMain] INFO  o.s.b.d.env.DevToolsPropertyDefaultsPostProcessor-Devtools property defaults active! Set 'spring.devtools.add-properties' to 'false' to disable
2020-11-29 14:13:37.611 [restartedMain] INFO  o.s.b.d.env.DevToolsPropertyDefaultsPostProcessor-For additional web related logging consider setting the 'logging.level.web' property to 'DEBUG'
2020-11-29 14:13:40.889 [restartedMain] INFO  o.s.c.s.PostProcessorRegistrationDelegate$BeanPostProcessorChecker-Bean 'shiroConfig' of type [com.fire.back.config.ShiroConfig$$EnhancerBySpringCGLIB$$77acd8d6] is not eligible for getting processed by all BeanPostProcessors (for example: not eligible for auto-proxying)
2020-11-29 14:13:41.442 [restartedMain] INFO  o.s.c.s.PostProcessorRegistrationDelegate$BeanPostProcessorChecker-Bean 'hashedCredentialsMatcher' of type [org.apache.shiro.authc.credential.HashedCredentialsMatcher] is not eligible for getting processed by all BeanPostProcessors (for example: not eligible for auto-proxying)
2020-11-29 14:13:41.467 [restartedMain] INFO  o.s.c.s.PostProcessorRegistrationDelegate$BeanPostProcessorChecker-Bean 'myShiroRealm' of type [com.fire.back.config.MyShiroRealm] is not eligible for getting processed by all BeanPostProcessors (for example: not eligible for auto-proxying)
2020-11-29 14:13:41.474 [restartedMain] INFO  o.s.c.s.PostProcessorRegistrationDelegate$BeanPostProcessorChecker-Bean 'securityManager' of type [org.apache.shiro.web.mgt.DefaultWebSecurityManager] is not eligible for getting processed by all BeanPostProcessors (for example: not eligible for auto-proxying)
2020-11-29 14:13:41.516 [restartedMain] INFO  o.s.c.s.PostProcessorRegistrationDelegate$BeanPostProcessorChecker-Bean 'org.springframework.transaction.annotation.ProxyTransactionManagementConfiguration' of type [org.springframework.transaction.annotation.ProxyTransactionManagementConfiguration$$EnhancerBySpringCGLIB$$ea996e4e] is not eligible for getting processed by all BeanPostProcessors (for example: not eligible for auto-proxying)
2020-11-29 14:13:41.528 [restartedMain] INFO  o.s.c.s.PostProcessorRegistrationDelegate$BeanPostProcessorChecker-Bean 'authorizationAttributeSourceAdvisor' of type [org.apache.shiro.spring.security.interceptor.AuthorizationAttributeSourceAdvisor] is not eligible for getting processed by all BeanPostProcessors (for example: not eligible for auto-proxying)
2020-11-29 14:13:41.576 [restartedMain] WARN  o.s.b.w.s.c.AnnotationConfigServletWebServerApplicationContext-Exception encountered during context initialization - cancelling refresh attempt: org.springframework.context.ApplicationContextException: Unable to start web server; nested exception is org.springframework.context.ApplicationContextException: Unable to start ServletWebServerApplicationContext due to missing ServletWebServerFactory bean.
2020-11-29 14:13:41.587 [restartedMain] INFO  o.s.b.a.l.ConditionEvaluationReportLoggingListener-

Error starting ApplicationContext. To display the conditions report re-run your application with 'debug' enabled.
2020-11-29 14:13:41.599 [restartedMain] ERROR org.springframework.boot.SpringApplication-Application run failed
org.springframework.context.ApplicationContextException: Unable to start web server; nested exception is org.springframework.context.ApplicationContextException: Unable to start ServletWebServerApplicationContext due to missing ServletWebServerFactory bean.
	at org.springframework.boot.web.servlet.context.ServletWebServerApplicationContext.onRefresh(ServletWebServerApplicationContext.java:157)
	at org.springframework.context.support.AbstractApplicationContext.refresh(AbstractApplicationContext.java:543)
	at org.springframework.boot.web.servlet.context.ServletWebServerApplicationContext.refresh(ServletWebServerApplicationContext.java:142)
	at org.springframework.boot.SpringApplication.refresh(SpringApplication.java:775)
	at org.springframework.boot.SpringApplication.refreshContext(SpringApplication.java:397)
	at org.springframework.boot.SpringApplication.run(SpringApplication.java:316)
	at org.springframework.boot.SpringApplication.run(SpringApplication.java:1260)
	at org.springframework.boot.SpringApplication.run(SpringApplication.java:1248)
	at com.fire.Application.main(Application.java:25)
	at sun.reflect.NativeMethodAccessorImpl.invoke0(Native Method)
	at sun.reflect.NativeMethodAccessorImpl.invoke(NativeMethodAccessorImpl.java:62)
	at sun.reflect.DelegatingMethodAccessorImpl.invoke(DelegatingMethodAccessorImpl.java:43)
	at java.lang.reflect.Method.invoke(Method.java:498)
	at org.springframework.boot.devtools.restart.RestartLauncher.run(RestartLauncher.java:49)
Caused by: org.springframework.context.ApplicationContextException: Unable to start ServletWebServerApplicationContext due to missing ServletWebServerFactory bean.
	at org.springframework.boot.web.servlet.context.ServletWebServerApplicationContext.getWebServerFactory(ServletWebServerApplicationContext.java:206)
	at org.springframework.boot.web.servlet.context.ServletWebServerApplicationContext.createWebServer(ServletWebServerApplicationContext.java:180)
	at org.springframework.boot.web.servlet.context.ServletWebServerApplicationContext.onRefresh(ServletWebServerApplicationContext.java:154)
	... 13 common frames omitted
2020-11-29 14:14:15.975 [restartedMain] INFO  com.fire.Application-Starting Application on DESKTOP-4GCQL52 with PID 2324 (C:\Users\Angelica\Desktop\jiyun_back\target\classes started by Angelica in C:\Users\Angelica\Desktop\jiyun_back)
2020-11-29 14:14:15.979 [restartedMain] INFO  com.fire.Application-No active profile set, falling back to default profiles: default
2020-11-29 14:14:16.073 [restartedMain] INFO  o.s.b.d.env.DevToolsPropertyDefaultsPostProcessor-Devtools property defaults active! Set 'spring.devtools.add-properties' to 'false' to disable
2020-11-29 14:14:16.074 [restartedMain] INFO  o.s.b.d.env.DevToolsPropertyDefaultsPostProcessor-For additional web related logging consider setting the 'logging.level.web' property to 'DEBUG'
2020-11-29 14:14:20.269 [restartedMain] INFO  o.s.c.s.PostProcessorRegistrationDelegate$BeanPostProcessorChecker-Bean 'shiroConfig' of type [com.fire.back.config.ShiroConfig$$EnhancerBySpringCGLIB$$f683ff8f] is not eligible for getting processed by all BeanPostProcessors (for example: not eligible for auto-proxying)
2020-11-29 14:14:20.742 [restartedMain] INFO  o.s.c.s.PostProcessorRegistrationDelegate$BeanPostProcessorChecker-Bean 'hashedCredentialsMatcher' of type [org.apache.shiro.authc.credential.HashedCredentialsMatcher] is not eligible for getting processed by all BeanPostProcessors (for example: not eligible for auto-proxying)
2020-11-29 14:14:20.756 [restartedMain] INFO  o.s.c.s.PostProcessorRegistrationDelegate$BeanPostProcessorChecker-Bean 'myShiroRealm' of type [com.fire.back.config.MyShiroRealm] is not eligible for getting processed by all BeanPostProcessors (for example: not eligible for auto-proxying)
2020-11-29 14:14:20.761 [restartedMain] INFO  o.s.c.s.PostProcessorRegistrationDelegate$BeanPostProcessorChecker-Bean 'securityManager' of type [org.apache.shiro.web.mgt.DefaultWebSecurityManager] is not eligible for getting processed by all BeanPostProcessors (for example: not eligible for auto-proxying)
2020-11-29 14:14:20.801 [restartedMain] INFO  o.s.c.s.PostProcessorRegistrationDelegate$BeanPostProcessorChecker-Bean 'org.springframework.transaction.annotation.ProxyTransactionManagementConfiguration' of type [org.springframework.transaction.annotation.ProxyTransactionManagementConfiguration$$EnhancerBySpringCGLIB$$69709507] is not eligible for getting processed by all BeanPostProcessors (for example: not eligible for auto-proxying)
2020-11-29 14:14:20.815 [restartedMain] INFO  o.s.c.s.PostProcessorRegistrationDelegate$BeanPostProcessorChecker-Bean 'authorizationAttributeSourceAdvisor' of type [org.apache.shiro.spring.security.interceptor.AuthorizationAttributeSourceAdvisor] is not eligible for getting processed by all BeanPostProcessors (for example: not eligible for auto-proxying)
2020-11-29 14:14:20.871 [restartedMain] WARN  o.s.b.w.s.c.AnnotationConfigServletWebServerApplicationContext-Exception encountered during context initialization - cancelling refresh attempt: org.springframework.context.ApplicationContextException: Unable to start web server; nested exception is org.springframework.context.ApplicationContextException: Unable to start ServletWebServerApplicationContext due to missing ServletWebServerFactory bean.
2020-11-29 14:14:20.886 [restartedMain] INFO  o.s.b.a.l.ConditionEvaluationReportLoggingListener-

Error starting ApplicationContext. To display the conditions report re-run your application with 'debug' enabled.
2020-11-29 14:14:20.896 [restartedMain] ERROR org.springframework.boot.SpringApplication-Application run failed
org.springframework.context.ApplicationContextException: Unable to start web server; nested exception is org.springframework.context.ApplicationContextException: Unable to start ServletWebServerApplicationContext due to missing ServletWebServerFactory bean.
	at org.springframework.boot.web.servlet.context.ServletWebServerApplicationContext.onRefresh(ServletWebServerApplicationContext.java:157)
	at org.springframework.context.support.AbstractApplicationContext.refresh(AbstractApplicationContext.java:543)
	at org.springframework.boot.web.servlet.context.ServletWebServerApplicationContext.refresh(ServletWebServerApplicationContext.java:142)
	at org.springframework.boot.SpringApplication.refresh(SpringApplication.java:775)
	at org.springframework.boot.SpringApplication.refreshContext(SpringApplication.java:397)
	at org.springframework.boot.SpringApplication.run(SpringApplication.java:316)
	at org.springframework.boot.SpringApplication.run(SpringApplication.java:1260)
	at org.springframework.boot.SpringApplication.run(SpringApplication.java:1248)
	at com.fire.Application.main(Application.java:25)
	at sun.reflect.NativeMethodAccessorImpl.invoke0(Native Method)
	at sun.reflect.NativeMethodAccessorImpl.invoke(NativeMethodAccessorImpl.java:62)
	at sun.reflect.DelegatingMethodAccessorImpl.invoke(DelegatingMethodAccessorImpl.java:43)
	at java.lang.reflect.Method.invoke(Method.java:498)
	at org.springframework.boot.devtools.restart.RestartLauncher.run(RestartLauncher.java:49)
Caused by: org.springframework.context.ApplicationContextException: Unable to start ServletWebServerApplicationContext due to missing ServletWebServerFactory bean.
	at org.springframework.boot.web.servlet.context.ServletWebServerApplicationContext.getWebServerFactory(ServletWebServerApplicationContext.java:206)
	at org.springframework.boot.web.servlet.context.ServletWebServerApplicationContext.createWebServer(ServletWebServerApplicationContext.java:180)
	at org.springframework.boot.web.servlet.context.ServletWebServerApplicationContext.onRefresh(ServletWebServerApplicationContext.java:154)
	... 13 common frames omitted
2020-11-29 14:14:50.262 [restartedMain] INFO  com.fire.Application-Starting Application on DESKTOP-4GCQL52 with PID 7332 (C:\Users\Angelica\Desktop\jiyun_back\target\classes started by Angelica in C:\Users\Angelica\Desktop\jiyun_back)
2020-11-29 14:14:50.267 [restartedMain] INFO  com.fire.Application-No active profile set, falling back to default profiles: default
2020-11-29 14:14:50.387 [restartedMain] INFO  o.s.b.d.env.DevToolsPropertyDefaultsPostProcessor-Devtools property defaults active! Set 'spring.devtools.add-properties' to 'false' to disable
2020-11-29 14:14:50.388 [restartedMain] INFO  o.s.b.d.env.DevToolsPropertyDefaultsPostProcessor-For additional web related logging consider setting the 'logging.level.web' property to 'DEBUG'
2020-11-29 14:14:53.918 [restartedMain] INFO  o.s.c.s.PostProcessorRegistrationDelegate$BeanPostProcessorChecker-Bean 'shiroConfig' of type [com.fire.back.config.ShiroConfig$$EnhancerBySpringCGLIB$$67ceb606] is not eligible for getting processed by all BeanPostProcessors (for example: not eligible for auto-proxying)
2020-11-29 14:14:54.398 [restartedMain] INFO  o.s.c.s.PostProcessorRegistrationDelegate$BeanPostProcessorChecker-Bean 'hashedCredentialsMatcher' of type [org.apache.shiro.authc.credential.HashedCredentialsMatcher] is not eligible for getting processed by all BeanPostProcessors (for example: not eligible for auto-proxying)
2020-11-29 14:14:54.416 [restartedMain] INFO  o.s.c.s.PostProcessorRegistrationDelegate$BeanPostProcessorChecker-Bean 'myShiroRealm' of type [com.fire.back.config.MyShiroRealm] is not eligible for getting processed by all BeanPostProcessors (for example: not eligible for auto-proxying)
2020-11-29 14:14:54.423 [restartedMain] INFO  o.s.c.s.PostProcessorRegistrationDelegate$BeanPostProcessorChecker-Bean 'securityManager' of type [org.apache.shiro.web.mgt.DefaultWebSecurityManager] is not eligible for getting processed by all BeanPostProcessors (for example: not eligible for auto-proxying)
2020-11-29 14:14:54.464 [restartedMain] INFO  o.s.c.s.PostProcessorRegistrationDelegate$BeanPostProcessorChecker-Bean 'org.springframework.transaction.annotation.ProxyTransactionManagementConfiguration' of type [org.springframework.transaction.annotation.ProxyTransactionManagementConfiguration$$EnhancerBySpringCGLIB$$dabb4b7e] is not eligible for getting processed by all BeanPostProcessors (for example: not eligible for auto-proxying)
2020-11-29 14:14:54.477 [restartedMain] INFO  o.s.c.s.PostProcessorRegistrationDelegate$BeanPostProcessorChecker-Bean 'authorizationAttributeSourceAdvisor' of type [org.apache.shiro.spring.security.interceptor.AuthorizationAttributeSourceAdvisor] is not eligible for getting processed by all BeanPostProcessors (for example: not eligible for auto-proxying)
2020-11-29 14:14:54.549 [restartedMain] WARN  o.s.b.w.s.c.AnnotationConfigServletWebServerApplicationContext-Exception encountered during context initialization - cancelling refresh attempt: org.springframework.context.ApplicationContextException: Unable to start web server; nested exception is org.springframework.context.ApplicationContextException: Unable to start ServletWebServerApplicationContext due to missing ServletWebServerFactory bean.
2020-11-29 14:14:54.566 [restartedMain] INFO  o.s.b.a.l.ConditionEvaluationReportLoggingListener-

Error starting ApplicationContext. To display the conditions report re-run your application with 'debug' enabled.
2020-11-29 14:14:54.582 [restartedMain] ERROR org.springframework.boot.SpringApplication-Application run failed
org.springframework.context.ApplicationContextException: Unable to start web server; nested exception is org.springframework.context.ApplicationContextException: Unable to start ServletWebServerApplicationContext due to missing ServletWebServerFactory bean.
	at org.springframework.boot.web.servlet.context.ServletWebServerApplicationContext.onRefresh(ServletWebServerApplicationContext.java:157)
	at org.springframework.context.support.AbstractApplicationContext.refresh(AbstractApplicationContext.java:543)
	at org.springframework.boot.web.servlet.context.ServletWebServerApplicationContext.refresh(ServletWebServerApplicationContext.java:142)
	at org.springframework.boot.SpringApplication.refresh(SpringApplication.java:775)
	at org.springframework.boot.SpringApplication.refreshContext(SpringApplication.java:397)
	at org.springframework.boot.SpringApplication.run(SpringApplication.java:316)
	at org.springframework.boot.SpringApplication.run(SpringApplication.java:1260)
	at org.springframework.boot.SpringApplication.run(SpringApplication.java:1248)
	at com.fire.Application.main(Application.java:25)
	at sun.reflect.NativeMethodAccessorImpl.invoke0(Native Method)
	at sun.reflect.NativeMethodAccessorImpl.invoke(NativeMethodAccessorImpl.java:62)
	at sun.reflect.DelegatingMethodAccessorImpl.invoke(DelegatingMethodAccessorImpl.java:43)
	at java.lang.reflect.Method.invoke(Method.java:498)
	at org.springframework.boot.devtools.restart.RestartLauncher.run(RestartLauncher.java:49)
Caused by: org.springframework.context.ApplicationContextException: Unable to start ServletWebServerApplicationContext due to missing ServletWebServerFactory bean.
	at org.springframework.boot.web.servlet.context.ServletWebServerApplicationContext.getWebServerFactory(ServletWebServerApplicationContext.java:206)
	at org.springframework.boot.web.servlet.context.ServletWebServerApplicationContext.createWebServer(ServletWebServerApplicationContext.java:180)
	at org.springframework.boot.web.servlet.context.ServletWebServerApplicationContext.onRefresh(ServletWebServerApplicationContext.java:154)
	... 13 common frames omitted
2020-11-29 14:16:13.147 [restartedMain] INFO  com.fire.Application-Starting Application on DESKTOP-4GCQL52 with PID 8660 (C:\Users\Angelica\Desktop\jiyun_back\target\classes started by Angelica in C:\Users\Angelica\Desktop\jiyun_back)
2020-11-29 14:16:13.152 [restartedMain] INFO  com.fire.Application-No active profile set, falling back to default profiles: default
2020-11-29 14:16:13.299 [restartedMain] INFO  o.s.b.d.env.DevToolsPropertyDefaultsPostProcessor-Devtools property defaults active! Set 'spring.devtools.add-properties' to 'false' to disable
2020-11-29 14:16:13.299 [restartedMain] INFO  o.s.b.d.env.DevToolsPropertyDefaultsPostProcessor-For additional web related logging consider setting the 'logging.level.web' property to 'DEBUG'
2020-11-29 14:16:17.085 [restartedMain] INFO  o.s.c.s.PostProcessorRegistrationDelegate$BeanPostProcessorChecker-Bean 'shiroConfig' of type [com.fire.back.config.ShiroConfig$$EnhancerBySpringCGLIB$$960c4743] is not eligible for getting processed by all BeanPostProcessors (for example: not eligible for auto-proxying)
2020-11-29 14:16:17.588 [restartedMain] INFO  o.s.c.s.PostProcessorRegistrationDelegate$BeanPostProcessorChecker-Bean 'hashedCredentialsMatcher' of type [org.apache.shiro.authc.credential.HashedCredentialsMatcher] is not eligible for getting processed by all BeanPostProcessors (for example: not eligible for auto-proxying)
2020-11-29 14:16:17.604 [restartedMain] INFO  o.s.c.s.PostProcessorRegistrationDelegate$BeanPostProcessorChecker-Bean 'myShiroRealm' of type [com.fire.back.config.MyShiroRealm] is not eligible for getting processed by all BeanPostProcessors (for example: not eligible for auto-proxying)
2020-11-29 14:16:17.608 [restartedMain] INFO  o.s.c.s.PostProcessorRegistrationDelegate$BeanPostProcessorChecker-Bean 'securityManager' of type [org.apache.shiro.web.mgt.DefaultWebSecurityManager] is not eligible for getting processed by all BeanPostProcessors (for example: not eligible for auto-proxying)
2020-11-29 14:16:17.646 [restartedMain] INFO  o.s.c.s.PostProcessorRegistrationDelegate$BeanPostProcessorChecker-Bean 'org.springframework.transaction.annotation.ProxyTransactionManagementConfiguration' of type [org.springframework.transaction.annotation.ProxyTransactionManagementConfiguration$$EnhancerBySpringCGLIB$$8f8dcbb] is not eligible for getting processed by all BeanPostProcessors (for example: not eligible for auto-proxying)
2020-11-29 14:16:17.657 [restartedMain] INFO  o.s.c.s.PostProcessorRegistrationDelegate$BeanPostProcessorChecker-Bean 'authorizationAttributeSourceAdvisor' of type [org.apache.shiro.spring.security.interceptor.AuthorizationAttributeSourceAdvisor] is not eligible for getting processed by all BeanPostProcessors (for example: not eligible for auto-proxying)
2020-11-29 14:16:17.706 [restartedMain] WARN  o.s.b.w.s.c.AnnotationConfigServletWebServerApplicationContext-Exception encountered during context initialization - cancelling refresh attempt: org.springframework.context.ApplicationContextException: Unable to start web server; nested exception is org.springframework.context.ApplicationContextException: Unable to start ServletWebServerApplicationContext due to missing ServletWebServerFactory bean.
2020-11-29 14:16:17.716 [restartedMain] INFO  o.s.b.a.l.ConditionEvaluationReportLoggingListener-

Error starting ApplicationContext. To display the conditions report re-run your application with 'debug' enabled.
2020-11-29 14:16:17.726 [restartedMain] ERROR org.springframework.boot.SpringApplication-Application run failed
org.springframework.context.ApplicationContextException: Unable to start web server; nested exception is org.springframework.context.ApplicationContextException: Unable to start ServletWebServerApplicationContext due to missing ServletWebServerFactory bean.
	at org.springframework.boot.web.servlet.context.ServletWebServerApplicationContext.onRefresh(ServletWebServerApplicationContext.java:157)
	at org.springframework.context.support.AbstractApplicationContext.refresh(AbstractApplicationContext.java:543)
	at org.springframework.boot.web.servlet.context.ServletWebServerApplicationContext.refresh(ServletWebServerApplicationContext.java:142)
	at org.springframework.boot.SpringApplication.refresh(SpringApplication.java:775)
	at org.springframework.boot.SpringApplication.refreshContext(SpringApplication.java:397)
	at org.springframework.boot.SpringApplication.run(SpringApplication.java:316)
	at org.springframework.boot.SpringApplication.run(SpringApplication.java:1260)
	at org.springframework.boot.SpringApplication.run(SpringApplication.java:1248)
	at com.fire.Application.main(Application.java:25)
	at sun.reflect.NativeMethodAccessorImpl.invoke0(Native Method)
	at sun.reflect.NativeMethodAccessorImpl.invoke(NativeMethodAccessorImpl.java:62)
	at sun.reflect.DelegatingMethodAccessorImpl.invoke(DelegatingMethodAccessorImpl.java:43)
	at java.lang.reflect.Method.invoke(Method.java:498)
	at org.springframework.boot.devtools.restart.RestartLauncher.run(RestartLauncher.java:49)
Caused by: org.springframework.context.ApplicationContextException: Unable to start ServletWebServerApplicationContext due to missing ServletWebServerFactory bean.
	at org.springframework.boot.web.servlet.context.ServletWebServerApplicationContext.getWebServerFactory(ServletWebServerApplicationContext.java:206)
	at org.springframework.boot.web.servlet.context.ServletWebServerApplicationContext.createWebServer(ServletWebServerApplicationContext.java:180)
	at org.springframework.boot.web.servlet.context.ServletWebServerApplicationContext.onRefresh(ServletWebServerApplicationContext.java:154)
	... 13 common frames omitted
2020-11-29 14:17:47.205 [restartedMain] INFO  com.fire.Application-Starting Application on DESKTOP-4GCQL52 with PID 6864 (C:\Users\Angelica\Desktop\jiyun_back\target\classes started by Angelica in C:\Users\Angelica\Desktop\jiyun_back)
2020-11-29 14:17:47.209 [restartedMain] INFO  com.fire.Application-No active profile set, falling back to default profiles: default
2020-11-29 14:17:47.300 [restartedMain] INFO  o.s.b.d.env.DevToolsPropertyDefaultsPostProcessor-Devtools property defaults active! Set 'spring.devtools.add-properties' to 'false' to disable
2020-11-29 14:17:47.301 [restartedMain] INFO  o.s.b.d.env.DevToolsPropertyDefaultsPostProcessor-For additional web related logging consider setting the 'logging.level.web' property to 'DEBUG'
2020-11-29 14:17:50.598 [restartedMain] INFO  o.s.c.s.PostProcessorRegistrationDelegate$BeanPostProcessorChecker-Bean 'shiroConfig' of type [com.fire.back.config.ShiroConfig$$EnhancerBySpringCGLIB$$feb05279] is not eligible for getting processed by all BeanPostProcessors (for example: not eligible for auto-proxying)
2020-11-29 14:17:51.326 [restartedMain] INFO  o.s.c.s.PostProcessorRegistrationDelegate$BeanPostProcessorChecker-Bean 'hashedCredentialsMatcher' of type [org.apache.shiro.authc.credential.HashedCredentialsMatcher] is not eligible for getting processed by all BeanPostProcessors (for example: not eligible for auto-proxying)
2020-11-29 14:17:51.356 [restartedMain] INFO  o.s.c.s.PostProcessorRegistrationDelegate$BeanPostProcessorChecker-Bean 'myShiroRealm' of type [com.fire.back.config.MyShiroRealm] is not eligible for getting processed by all BeanPostProcessors (for example: not eligible for auto-proxying)
2020-11-29 14:17:51.366 [restartedMain] INFO  o.s.c.s.PostProcessorRegistrationDelegate$BeanPostProcessorChecker-Bean 'securityManager' of type [org.apache.shiro.web.mgt.DefaultWebSecurityManager] is not eligible for getting processed by all BeanPostProcessors (for example: not eligible for auto-proxying)
2020-11-29 14:17:51.444 [restartedMain] INFO  o.s.c.s.PostProcessorRegistrationDelegate$BeanPostProcessorChecker-Bean 'org.springframework.transaction.annotation.ProxyTransactionManagementConfiguration' of type [org.springframework.transaction.annotation.ProxyTransactionManagementConfiguration$$EnhancerBySpringCGLIB$$719ce7f1] is not eligible for getting processed by all BeanPostProcessors (for example: not eligible for auto-proxying)
2020-11-29 14:17:51.464 [restartedMain] INFO  o.s.c.s.PostProcessorRegistrationDelegate$BeanPostProcessorChecker-Bean 'authorizationAttributeSourceAdvisor' of type [org.apache.shiro.spring.security.interceptor.AuthorizationAttributeSourceAdvisor] is not eligible for getting processed by all BeanPostProcessors (for example: not eligible for auto-proxying)
2020-11-29 14:17:51.543 [restartedMain] WARN  o.s.b.w.s.c.AnnotationConfigServletWebServerApplicationContext-Exception encountered during context initialization - cancelling refresh attempt: org.springframework.context.ApplicationContextException: Unable to start web server; nested exception is org.springframework.context.ApplicationContextException: Unable to start ServletWebServerApplicationContext due to missing ServletWebServerFactory bean.
2020-11-29 14:17:51.560 [restartedMain] INFO  o.s.b.a.l.ConditionEvaluationReportLoggingListener-

Error starting ApplicationContext. To display the conditions report re-run your application with 'debug' enabled.
2020-11-29 14:17:51.576 [restartedMain] ERROR org.springframework.boot.SpringApplication-Application run failed
org.springframework.context.ApplicationContextException: Unable to start web server; nested exception is org.springframework.context.ApplicationContextException: Unable to start ServletWebServerApplicationContext due to missing ServletWebServerFactory bean.
	at org.springframework.boot.web.servlet.context.ServletWebServerApplicationContext.onRefresh(ServletWebServerApplicationContext.java:157)
	at org.springframework.context.support.AbstractApplicationContext.refresh(AbstractApplicationContext.java:543)
	at org.springframework.boot.web.servlet.context.ServletWebServerApplicationContext.refresh(ServletWebServerApplicationContext.java:142)
	at org.springframework.boot.SpringApplication.refresh(SpringApplication.java:775)
	at org.springframework.boot.SpringApplication.refreshContext(SpringApplication.java:397)
	at org.springframework.boot.SpringApplication.run(SpringApplication.java:316)
	at org.springframework.boot.SpringApplication.run(SpringApplication.java:1260)
	at org.springframework.boot.SpringApplication.run(SpringApplication.java:1248)
	at com.fire.Application.main(Application.java:25)
	at sun.reflect.NativeMethodAccessorImpl.invoke0(Native Method)
	at sun.reflect.NativeMethodAccessorImpl.invoke(NativeMethodAccessorImpl.java:62)
	at sun.reflect.DelegatingMethodAccessorImpl.invoke(DelegatingMethodAccessorImpl.java:43)
	at java.lang.reflect.Method.invoke(Method.java:498)
	at org.springframework.boot.devtools.restart.RestartLauncher.run(RestartLauncher.java:49)
Caused by: org.springframework.context.ApplicationContextException: Unable to start ServletWebServerApplicationContext due to missing ServletWebServerFactory bean.
	at org.springframework.boot.web.servlet.context.ServletWebServerApplicationContext.getWebServerFactory(ServletWebServerApplicationContext.java:206)
	at org.springframework.boot.web.servlet.context.ServletWebServerApplicationContext.createWebServer(ServletWebServerApplicationContext.java:180)
	at org.springframework.boot.web.servlet.context.ServletWebServerApplicationContext.onRefresh(ServletWebServerApplicationContext.java:154)
	... 13 common frames omitted
2020-11-29 14:25:27.469 [restartedMain] INFO  com.fire.Application-Starting Application on DESKTOP-4GCQL52 with PID 5060 (C:\Users\Angelica\Desktop\jiyun_back\target\classes started by Angelica in C:\Users\Angelica\Desktop\jiyun_back)
2020-11-29 14:25:27.473 [restartedMain] INFO  com.fire.Application-No active profile set, falling back to default profiles: default
2020-11-29 14:25:27.555 [restartedMain] INFO  o.s.b.d.env.DevToolsPropertyDefaultsPostProcessor-Devtools property defaults active! Set 'spring.devtools.add-properties' to 'false' to disable
2020-11-29 14:25:27.555 [restartedMain] INFO  o.s.b.d.env.DevToolsPropertyDefaultsPostProcessor-For additional web related logging consider setting the 'logging.level.web' property to 'DEBUG'
2020-11-29 14:25:30.481 [restartedMain] INFO  o.s.c.s.PostProcessorRegistrationDelegate$BeanPostProcessorChecker-Bean 'shiroConfig' of type [com.fire.back.config.ShiroConfig$$EnhancerBySpringCGLIB$$f0036dc9] is not eligible for getting processed by all BeanPostProcessors (for example: not eligible for auto-proxying)
2020-11-29 14:25:31.136 [restartedMain] INFO  o.s.c.s.PostProcessorRegistrationDelegate$BeanPostProcessorChecker-Bean 'hashedCredentialsMatcher' of type [org.apache.shiro.authc.credential.HashedCredentialsMatcher] is not eligible for getting processed by all BeanPostProcessors (for example: not eligible for auto-proxying)
2020-11-29 14:25:31.161 [restartedMain] INFO  o.s.c.s.PostProcessorRegistrationDelegate$BeanPostProcessorChecker-Bean 'myShiroRealm' of type [com.fire.back.config.MyShiroRealm] is not eligible for getting processed by all BeanPostProcessors (for example: not eligible for auto-proxying)
2020-11-29 14:25:31.168 [restartedMain] INFO  o.s.c.s.PostProcessorRegistrationDelegate$BeanPostProcessorChecker-Bean 'securityManager' of type [org.apache.shiro.web.mgt.DefaultWebSecurityManager] is not eligible for getting processed by all BeanPostProcessors (for example: not eligible for auto-proxying)
2020-11-29 14:25:31.234 [restartedMain] INFO  o.s.c.s.PostProcessorRegistrationDelegate$BeanPostProcessorChecker-Bean 'org.springframework.transaction.annotation.ProxyTransactionManagementConfiguration' of type [org.springframework.transaction.annotation.ProxyTransactionManagementConfiguration$$EnhancerBySpringCGLIB$$62f00341] is not eligible for getting processed by all BeanPostProcessors (for example: not eligible for auto-proxying)
2020-11-29 14:25:31.256 [restartedMain] INFO  o.s.c.s.PostProcessorRegistrationDelegate$BeanPostProcessorChecker-Bean 'authorizationAttributeSourceAdvisor' of type [org.apache.shiro.spring.security.interceptor.AuthorizationAttributeSourceAdvisor] is not eligible for getting processed by all BeanPostProcessors (for example: not eligible for auto-proxying)
2020-11-29 14:25:31.827 [restartedMain] INFO  o.s.boot.web.embedded.tomcat.TomcatWebServer-Tomcat initialized with port(s): 8080 (http)
2020-11-29 14:25:31.851 [restartedMain] INFO  org.apache.coyote.http11.Http11NioProtocol-Initializing ProtocolHandler ["http-nio-8080"]
2020-11-29 14:25:31.866 [restartedMain] INFO  org.apache.catalina.core.StandardService-Starting service [Tomcat]
2020-11-29 14:25:31.867 [restartedMain] INFO  org.apache.catalina.core.StandardEngine-Starting Servlet engine: [Apache Tomcat/9.0.16]
2020-11-29 14:25:31.875 [restartedMain] INFO  org.apache.catalina.core.AprLifecycleListener-The APR based Apache Tomcat Native library which allows optimal performance in production environments was not found on the java.library.path: [C:\Program Files\Java\jdk1.8.0_271\bin;C:\WINDOWS\Sun\Java\bin;C:\WINDOWS\system32;C:\WINDOWS;C:\WINDOWS\system32;C:\WINDOWS;C:\WINDOWS\System32\Wbem;C:\WINDOWS\System32\WindowsPowerShell\v1.0\;C:\WINDOWS\System32\OpenSSH\;C:\Program Files\MySQL\MySQL Shell 8.0\bin\;C:\Users\Angelica\AppData\Local\Microsoft\WindowsApps;;.]
2020-11-29 14:25:32.099 [restartedMain] INFO  o.a.c.core.ContainerBase.[Tomcat].[localhost].[/]-Initializing Spring embedded WebApplicationContext
2020-11-29 14:25:32.447 [restartedMain] INFO  c.a.d.s.b.a.DruidDataSourceAutoConfigure-Init DruidDataSource
2020-11-29 14:25:32.939 [restartedMain] INFO  com.alibaba.druid.pool.DruidDataSource-{dataSource-1} inited
2020-11-29 14:25:34.270 [restartedMain] INFO  s.d.s.w.PropertySourcedRequestMappingHandlerMapping-Mapped URL path [/v2/api-docs] onto method [public org.springframework.http.ResponseEntity<springfox.documentation.spring.web.json.Json> springfox.documentation.swagger2.web.Swagger2Controller.getDocumentation(java.lang.String,javax.servlet.http.HttpServletRequest)]
2020-11-29 14:25:34.445 [restartedMain] INFO  o.s.b.d.autoconfigure.OptionalLiveReloadServer-LiveReload server is running on port 35729
2020-11-29 14:25:35.163 [restartedMain] INFO  s.d.s.web.plugins.DocumentationPluginsBootstrapper-Context refreshed
2020-11-29 14:25:35.186 [restartedMain] INFO  s.d.s.web.plugins.DocumentationPluginsBootstrapper-Found 1 custom documentation plugin(s)
2020-11-29 14:25:35.252 [restartedMain] INFO  s.d.spring.web.scanners.ApiListingReferenceScanner-Scanning for api listing references
2020-11-29 14:25:35.583 [restartedMain] INFO  s.d.s.w.r.operation.CachingOperationNameGenerator-Generating unique operation named: getListUsingPOST_1
2020-11-29 14:25:35.597 [restartedMain] INFO  s.d.s.w.r.operation.CachingOperationNameGenerator-Generating unique operation named: getAddressListUsingPOST_1
2020-11-29 14:25:35.744 [restartedMain] WARN  s.d.s.w.readers.parameter.ParameterDataTypeReader-Trying to infer dataType org.springframework.ui.ModelMap
2020-11-29 14:25:35.827 [restartedMain] WARN  s.d.s.w.readers.parameter.ParameterDataTypeReader-Trying to infer dataType org.springframework.ui.ModelMap
2020-11-29 14:25:35.829 [restartedMain] INFO  s.d.s.w.r.operation.CachingOperationNameGenerator-Generating unique operation named: indexUsingGET_1
2020-11-29 14:25:35.860 [restartedMain] INFO  s.d.s.w.r.operation.CachingOperationNameGenerator-Generating unique operation named: getUserInfoUsingPOST_1
2020-11-29 14:25:35.897 [restartedMain] INFO  org.apache.coyote.http11.Http11NioProtocol-Starting ProtocolHandler ["http-nio-8080"]
2020-11-29 14:25:35.924 [restartedMain] INFO  o.s.boot.web.embedded.tomcat.TomcatWebServer-Tomcat started on port(s): 8080 (http) with context path ''
2020-11-29 14:25:35.928 [restartedMain] INFO  com.fire.Application-Started Application in 8.987 seconds (JVM running for 11.393)
2020-11-29 14:25:51.011 [http-nio-8080-exec-1] INFO  o.a.c.core.ContainerBase.[Tomcat].[localhost].[/]-Initializing Spring DispatcherServlet 'dispatcherServlet'
2020-11-29 14:31:09.789 [Thread-20] INFO  com.alibaba.druid.pool.DruidDataSource-{dataSource-1} closed
2020-11-29 14:31:11.091 [restartedMain] INFO  com.fire.Application-Starting Application on DESKTOP-4GCQL52 with PID 5060 (C:\Users\Angelica\Desktop\jiyun_back\target\classes started by Angelica in C:\Users\Angelica\Desktop\jiyun_back)
2020-11-29 14:31:11.092 [restartedMain] INFO  com.fire.Application-No active profile set, falling back to default profiles: default
2020-11-29 14:31:12.065 [restartedMain] INFO  o.s.c.s.PostProcessorRegistrationDelegate$BeanPostProcessorChecker-Bean 'shiroConfig' of type [com.fire.back.config.ShiroConfig$$EnhancerBySpringCGLIB$$f0036dc9] is not eligible for getting processed by all BeanPostProcessors (for example: not eligible for auto-proxying)
2020-11-29 14:31:12.076 [restartedMain] INFO  o.s.c.s.PostProcessorRegistrationDelegate$BeanPostProcessorChecker-Bean 'hashedCredentialsMatcher' of type [org.apache.shiro.authc.credential.HashedCredentialsMatcher] is not eligible for getting processed by all BeanPostProcessors (for example: not eligible for auto-proxying)
2020-11-29 14:31:12.083 [restartedMain] INFO  o.s.c.s.PostProcessorRegistrationDelegate$BeanPostProcessorChecker-Bean 'myShiroRealm' of type [com.fire.back.config.MyShiroRealm] is not eligible for getting processed by all BeanPostProcessors (for example: not eligible for auto-proxying)
2020-11-29 14:31:12.084 [restartedMain] INFO  o.s.c.s.PostProcessorRegistrationDelegate$BeanPostProcessorChecker-Bean 'securityManager' of type [org.apache.shiro.web.mgt.DefaultWebSecurityManager] is not eligible for getting processed by all BeanPostProcessors (for example: not eligible for auto-proxying)
2020-11-29 14:31:12.100 [restartedMain] INFO  o.s.c.s.PostProcessorRegistrationDelegate$BeanPostProcessorChecker-Bean 'org.springframework.transaction.annotation.ProxyTransactionManagementConfiguration' of type [org.springframework.transaction.annotation.ProxyTransactionManagementConfiguration$$EnhancerBySpringCGLIB$$62f00341] is not eligible for getting processed by all BeanPostProcessors (for example: not eligible for auto-proxying)
2020-11-29 14:31:12.103 [restartedMain] INFO  o.s.c.s.PostProcessorRegistrationDelegate$BeanPostProcessorChecker-Bean 'authorizationAttributeSourceAdvisor' of type [org.apache.shiro.spring.security.interceptor.AuthorizationAttributeSourceAdvisor] is not eligible for getting processed by all BeanPostProcessors (for example: not eligible for auto-proxying)
2020-11-29 14:31:12.374 [restartedMain] INFO  o.s.boot.web.embedded.tomcat.TomcatWebServer-Tomcat initialized with port(s): 8080 (http)
2020-11-29 14:31:12.375 [restartedMain] INFO  org.apache.coyote.http11.Http11NioProtocol-Initializing ProtocolHandler ["http-nio-8080"]
2020-11-29 14:31:12.376 [restartedMain] INFO  org.apache.catalina.core.StandardService-Starting service [Tomcat]
2020-11-29 14:31:12.377 [restartedMain] INFO  org.apache.catalina.core.StandardEngine-Starting Servlet engine: [Apache Tomcat/9.0.16]
2020-11-29 14:31:12.409 [restartedMain] INFO  o.a.c.core.ContainerBase.[Tomcat].[localhost].[/]-Initializing Spring embedded WebApplicationContext
2020-11-29 14:31:12.649 [restartedMain] INFO  c.a.d.s.b.a.DruidDataSourceAutoConfigure-Init DruidDataSource
2020-11-29 14:31:12.881 [restartedMain] INFO  com.alibaba.druid.pool.DruidDataSource-{dataSource-2} inited
2020-11-29 14:31:15.279 [restartedMain] INFO  s.d.s.w.PropertySourcedRequestMappingHandlerMapping-Mapped URL path [/v2/api-docs] onto method [public org.springframework.http.ResponseEntity<springfox.documentation.spring.web.json.Json> springfox.documentation.swagger2.web.Swagger2Controller.getDocumentation(java.lang.String,javax.servlet.http.HttpServletRequest)]
2020-11-29 14:31:15.496 [restartedMain] INFO  o.s.b.d.autoconfigure.OptionalLiveReloadServer-LiveReload server is running on port 35729
2020-11-29 14:31:16.831 [restartedMain] INFO  s.d.s.web.plugins.DocumentationPluginsBootstrapper-Context refreshed
2020-11-29 14:31:16.833 [restartedMain] INFO  s.d.s.web.plugins.DocumentationPluginsBootstrapper-Found 1 custom documentation plugin(s)
2020-11-29 14:31:16.847 [restartedMain] INFO  s.d.spring.web.scanners.ApiListingReferenceScanner-Scanning for api listing references
2020-11-29 14:31:16.969 [restartedMain] INFO  s.d.s.w.r.operation.CachingOperationNameGenerator-Generating unique operation named: getListUsingPOST_1
2020-11-29 14:31:16.984 [restartedMain] INFO  s.d.s.w.r.operation.CachingOperationNameGenerator-Generating unique operation named: getAddressListUsingPOST_1
2020-11-29 14:31:17.361 [restartedMain] WARN  s.d.s.w.readers.parameter.ParameterDataTypeReader-Trying to infer dataType org.springframework.ui.ModelMap
2020-11-29 14:31:17.549 [restartedMain] WARN  s.d.s.w.readers.parameter.ParameterDataTypeReader-Trying to infer dataType org.springframework.ui.ModelMap
2020-11-29 14:31:17.553 [restartedMain] INFO  s.d.s.w.r.operation.CachingOperationNameGenerator-Generating unique operation named: indexUsingGET_1
2020-11-29 14:31:17.661 [restartedMain] INFO  s.d.s.w.r.operation.CachingOperationNameGenerator-Generating unique operation named: getUserInfoUsingPOST_1
2020-11-29 14:31:17.724 [restartedMain] INFO  org.apache.coyote.http11.Http11NioProtocol-Starting ProtocolHandler ["http-nio-8080"]
2020-11-29 14:31:17.730 [restartedMain] INFO  o.s.boot.web.embedded.tomcat.TomcatWebServer-Tomcat started on port(s): 8080 (http) with context path ''
2020-11-29 14:31:17.738 [restartedMain] INFO  com.fire.Application-Started Application in 6.729 seconds (JVM running for 353.204)
2020-11-29 14:31:17.745 [restartedMain] INFO  o.s.b.d.a.ConditionEvaluationDeltaLoggingListener-Condition evaluation unchanged
2020-11-29 14:31:26.909 [restartedMain] INFO  com.fire.Application-Starting Application on DESKTOP-4GCQL52 with PID 13064 (C:\Users\Angelica\Desktop\jiyun_back\target\classes started by Angelica in C:\Users\Angelica\Desktop\jiyun_back)
2020-11-29 14:31:26.914 [restartedMain] INFO  com.fire.Application-No active profile set, falling back to default profiles: default
2020-11-29 14:31:27.004 [restartedMain] INFO  o.s.b.d.env.DevToolsPropertyDefaultsPostProcessor-Devtools property defaults active! Set 'spring.devtools.add-properties' to 'false' to disable
2020-11-29 14:31:27.004 [restartedMain] INFO  o.s.b.d.env.DevToolsPropertyDefaultsPostProcessor-For additional web related logging consider setting the 'logging.level.web' property to 'DEBUG'
2020-11-29 14:31:29.961 [restartedMain] INFO  o.s.c.s.PostProcessorRegistrationDelegate$BeanPostProcessorChecker-Bean 'shiroConfig' of type [com.fire.back.config.ShiroConfig$$EnhancerBySpringCGLIB$$4a8f1c8c] is not eligible for getting processed by all BeanPostProcessors (for example: not eligible for auto-proxying)
2020-11-29 14:31:30.362 [restartedMain] INFO  o.s.c.s.PostProcessorRegistrationDelegate$BeanPostProcessorChecker-Bean 'hashedCredentialsMatcher' of type [org.apache.shiro.authc.credential.HashedCredentialsMatcher] is not eligible for getting processed by all BeanPostProcessors (for example: not eligible for auto-proxying)
2020-11-29 14:31:30.379 [restartedMain] INFO  o.s.c.s.PostProcessorRegistrationDelegate$BeanPostProcessorChecker-Bean 'myShiroRealm' of type [com.fire.back.config.MyShiroRealm] is not eligible for getting processed by all BeanPostProcessors (for example: not eligible for auto-proxying)
2020-11-29 14:31:30.383 [restartedMain] INFO  o.s.c.s.PostProcessorRegistrationDelegate$BeanPostProcessorChecker-Bean 'securityManager' of type [org.apache.shiro.web.mgt.DefaultWebSecurityManager] is not eligible for getting processed by all BeanPostProcessors (for example: not eligible for auto-proxying)
2020-11-29 14:31:30.426 [restartedMain] INFO  o.s.c.s.PostProcessorRegistrationDelegate$BeanPostProcessorChecker-Bean 'org.springframework.transaction.annotation.ProxyTransactionManagementConfiguration' of type [org.springframework.transaction.annotation.ProxyTransactionManagementConfiguration$$EnhancerBySpringCGLIB$$bd7bb204] is not eligible for getting processed by all BeanPostProcessors (for example: not eligible for auto-proxying)
2020-11-29 14:31:30.437 [restartedMain] INFO  o.s.c.s.PostProcessorRegistrationDelegate$BeanPostProcessorChecker-Bean 'authorizationAttributeSourceAdvisor' of type [org.apache.shiro.spring.security.interceptor.AuthorizationAttributeSourceAdvisor] is not eligible for getting processed by all BeanPostProcessors (for example: not eligible for auto-proxying)
2020-11-29 14:31:31.000 [restartedMain] INFO  o.s.boot.web.embedded.tomcat.TomcatWebServer-Tomcat initialized with port(s): 8080 (http)
2020-11-29 14:31:31.021 [restartedMain] INFO  org.apache.coyote.http11.Http11NioProtocol-Initializing ProtocolHandler ["http-nio-8080"]
2020-11-29 14:31:31.035 [restartedMain] INFO  org.apache.catalina.core.StandardService-Starting service [Tomcat]
2020-11-29 14:31:31.036 [restartedMain] INFO  org.apache.catalina.core.StandardEngine-Starting Servlet engine: [Apache Tomcat/9.0.16]
2020-11-29 14:31:31.043 [restartedMain] INFO  org.apache.catalina.core.AprLifecycleListener-The APR based Apache Tomcat Native library which allows optimal performance in production environments was not found on the java.library.path: [C:\Program Files\Java\jdk1.8.0_271\bin;C:\WINDOWS\Sun\Java\bin;C:\WINDOWS\system32;C:\WINDOWS;C:\WINDOWS\system32;C:\WINDOWS;C:\WINDOWS\System32\Wbem;C:\WINDOWS\System32\WindowsPowerShell\v1.0\;C:\WINDOWS\System32\OpenSSH\;C:\Program Files\MySQL\MySQL Shell 8.0\bin\;C:\Users\Angelica\AppData\Local\Microsoft\WindowsApps;;.]
2020-11-29 14:31:31.182 [restartedMain] INFO  o.a.c.core.ContainerBase.[Tomcat].[localhost].[/]-Initializing Spring embedded WebApplicationContext
2020-11-29 14:31:31.522 [restartedMain] INFO  c.a.d.s.b.a.DruidDataSourceAutoConfigure-Init DruidDataSource
2020-11-29 14:31:31.955 [restartedMain] INFO  com.alibaba.druid.pool.DruidDataSource-{dataSource-1} inited
2020-11-29 14:31:33.207 [restartedMain] INFO  s.d.s.w.PropertySourcedRequestMappingHandlerMapping-Mapped URL path [/v2/api-docs] onto method [public org.springframework.http.ResponseEntity<springfox.documentation.spring.web.json.Json> springfox.documentation.swagger2.web.Swagger2Controller.getDocumentation(java.lang.String,javax.servlet.http.HttpServletRequest)]
2020-11-29 14:31:33.354 [restartedMain] INFO  o.s.b.d.autoconfigure.OptionalLiveReloadServer-LiveReload server is running on port 35729
2020-11-29 14:31:34.100 [restartedMain] INFO  s.d.s.web.plugins.DocumentationPluginsBootstrapper-Context refreshed
2020-11-29 14:31:34.115 [restartedMain] INFO  s.d.s.web.plugins.DocumentationPluginsBootstrapper-Found 1 custom documentation plugin(s)
2020-11-29 14:31:34.159 [restartedMain] INFO  s.d.spring.web.scanners.ApiListingReferenceScanner-Scanning for api listing references
2020-11-29 14:31:34.377 [restartedMain] INFO  s.d.s.w.r.operation.CachingOperationNameGenerator-Generating unique operation named: getListUsingPOST_1
2020-11-29 14:31:34.389 [restartedMain] INFO  s.d.s.w.r.operation.CachingOperationNameGenerator-Generating unique operation named: getAddressListUsingPOST_1
2020-11-29 14:31:34.521 [restartedMain] WARN  s.d.s.w.readers.parameter.ParameterDataTypeReader-Trying to infer dataType org.springframework.ui.ModelMap
2020-11-29 14:31:34.569 [restartedMain] WARN  s.d.s.w.readers.parameter.ParameterDataTypeReader-Trying to infer dataType org.springframework.ui.ModelMap
2020-11-29 14:31:34.570 [restartedMain] INFO  s.d.s.w.r.operation.CachingOperationNameGenerator-Generating unique operation named: indexUsingGET_1
2020-11-29 14:31:34.596 [restartedMain] INFO  s.d.s.w.r.operation.CachingOperationNameGenerator-Generating unique operation named: getUserInfoUsingPOST_1
2020-11-29 14:31:34.622 [restartedMain] INFO  org.apache.coyote.http11.Http11NioProtocol-Starting ProtocolHandler ["http-nio-8080"]
2020-11-29 14:31:34.651 [restartedMain] INFO  o.s.boot.web.embedded.tomcat.TomcatWebServer-Tomcat started on port(s): 8080 (http) with context path ''
2020-11-29 14:31:34.655 [restartedMain] INFO  com.fire.Application-Started Application in 8.254 seconds (JVM running for 9.969)
2020-11-29 14:31:49.570 [http-nio-8080-exec-1] INFO  o.a.c.core.ContainerBase.[Tomcat].[localhost].[/]-Initializing Spring DispatcherServlet 'dispatcherServlet'
2020-11-29 14:45:09.743 [restartedMain] INFO  com.fire.Application-Starting Application on DESKTOP-4GCQL52 with PID 12464 (C:\Users\Angelica\Desktop\jiyun_back\target\classes started by Angelica in C:\Users\Angelica\Desktop\jiyun_back)
2020-11-29 14:45:09.747 [restartedMain] INFO  com.fire.Application-No active profile set, falling back to default profiles: default
2020-11-29 14:45:09.837 [restartedMain] INFO  o.s.b.d.env.DevToolsPropertyDefaultsPostProcessor-Devtools property defaults active! Set 'spring.devtools.add-properties' to 'false' to disable
2020-11-29 14:45:09.838 [restartedMain] INFO  o.s.b.d.env.DevToolsPropertyDefaultsPostProcessor-For additional web related logging consider setting the 'logging.level.web' property to 'DEBUG'
2020-11-29 14:45:13.306 [restartedMain] INFO  o.s.c.s.PostProcessorRegistrationDelegate$BeanPostProcessorChecker-Bean 'shiroConfig' of type [com.fire.back.config.ShiroConfig$$EnhancerBySpringCGLIB$$9b3dacf] is not eligible for getting processed by all BeanPostProcessors (for example: not eligible for auto-proxying)
2020-11-29 14:45:13.800 [restartedMain] INFO  o.s.c.s.PostProcessorRegistrationDelegate$BeanPostProcessorChecker-Bean 'hashedCredentialsMatcher' of type [org.apache.shiro.authc.credential.HashedCredentialsMatcher] is not eligible for getting processed by all BeanPostProcessors (for example: not eligible for auto-proxying)
2020-11-29 14:45:13.818 [restartedMain] INFO  o.s.c.s.PostProcessorRegistrationDelegate$BeanPostProcessorChecker-Bean 'myShiroRealm' of type [com.fire.back.config.MyShiroRealm] is not eligible for getting processed by all BeanPostProcessors (for example: not eligible for auto-proxying)
2020-11-29 14:45:13.826 [restartedMain] INFO  o.s.c.s.PostProcessorRegistrationDelegate$BeanPostProcessorChecker-Bean 'securityManager' of type [org.apache.shiro.web.mgt.DefaultWebSecurityManager] is not eligible for getting processed by all BeanPostProcessors (for example: not eligible for auto-proxying)
2020-11-29 14:45:13.905 [restartedMain] INFO  o.s.c.s.PostProcessorRegistrationDelegate$BeanPostProcessorChecker-Bean 'org.springframework.transaction.annotation.ProxyTransactionManagementConfiguration' of type [org.springframework.transaction.annotation.ProxyTransactionManagementConfiguration$$EnhancerBySpringCGLIB$$7ca07047] is not eligible for getting processed by all BeanPostProcessors (for example: not eligible for auto-proxying)
2020-11-29 14:45:13.923 [restartedMain] INFO  o.s.c.s.PostProcessorRegistrationDelegate$BeanPostProcessorChecker-Bean 'authorizationAttributeSourceAdvisor' of type [org.apache.shiro.spring.security.interceptor.AuthorizationAttributeSourceAdvisor] is not eligible for getting processed by all BeanPostProcessors (for example: not eligible for auto-proxying)
2020-11-29 14:45:14.549 [restartedMain] INFO  o.s.boot.web.embedded.tomcat.TomcatWebServer-Tomcat initialized with port(s): 8080 (http)
2020-11-29 14:45:14.570 [restartedMain] INFO  org.apache.coyote.http11.Http11NioProtocol-Initializing ProtocolHandler ["http-nio-8080"]
2020-11-29 14:45:14.585 [restartedMain] INFO  org.apache.catalina.core.StandardService-Starting service [Tomcat]
2020-11-29 14:45:14.585 [restartedMain] INFO  org.apache.catalina.core.StandardEngine-Starting Servlet engine: [Apache Tomcat/9.0.16]
2020-11-29 14:45:14.594 [restartedMain] INFO  org.apache.catalina.core.AprLifecycleListener-The APR based Apache Tomcat Native library which allows optimal performance in production environments was not found on the java.library.path: [C:\Program Files\Java\jdk1.8.0_271\bin;C:\WINDOWS\Sun\Java\bin;C:\WINDOWS\system32;C:\WINDOWS;C:\WINDOWS\system32;C:\WINDOWS;C:\WINDOWS\System32\Wbem;C:\WINDOWS\System32\WindowsPowerShell\v1.0\;C:\WINDOWS\System32\OpenSSH\;C:\Program Files\MySQL\MySQL Shell 8.0\bin\;C:\Users\Angelica\AppData\Local\Microsoft\WindowsApps;;.]
2020-11-29 14:45:14.757 [restartedMain] INFO  o.a.c.core.ContainerBase.[Tomcat].[localhost].[/]-Initializing Spring embedded WebApplicationContext
2020-11-29 14:45:15.187 [restartedMain] INFO  c.a.d.s.b.a.DruidDataSourceAutoConfigure-Init DruidDataSource
2020-11-29 14:45:15.649 [restartedMain] INFO  com.alibaba.druid.pool.DruidDataSource-{dataSource-1} inited
2020-11-29 14:45:16.911 [restartedMain] INFO  s.d.s.w.PropertySourcedRequestMappingHandlerMapping-Mapped URL path [/v2/api-docs] onto method [public org.springframework.http.ResponseEntity<springfox.documentation.spring.web.json.Json> springfox.documentation.swagger2.web.Swagger2Controller.getDocumentation(java.lang.String,javax.servlet.http.HttpServletRequest)]
2020-11-29 14:45:17.062 [restartedMain] INFO  o.s.b.d.autoconfigure.OptionalLiveReloadServer-LiveReload server is running on port 35729
2020-11-29 14:45:17.727 [restartedMain] INFO  s.d.s.web.plugins.DocumentationPluginsBootstrapper-Context refreshed
2020-11-29 14:45:17.746 [restartedMain] INFO  s.d.s.web.plugins.DocumentationPluginsBootstrapper-Found 1 custom documentation plugin(s)
2020-11-29 14:45:17.800 [restartedMain] INFO  s.d.spring.web.scanners.ApiListingReferenceScanner-Scanning for api listing references
2020-11-29 14:45:18.037 [restartedMain] INFO  s.d.s.w.r.operation.CachingOperationNameGenerator-Generating unique operation named: getListUsingPOST_1
2020-11-29 14:45:18.049 [restartedMain] INFO  s.d.s.w.r.operation.CachingOperationNameGenerator-Generating unique operation named: getAddressListUsingPOST_1
2020-11-29 14:45:18.189 [restartedMain] WARN  s.d.s.w.readers.parameter.ParameterDataTypeReader-Trying to infer dataType org.springframework.ui.ModelMap
2020-11-29 14:45:18.240 [restartedMain] WARN  s.d.s.w.readers.parameter.ParameterDataTypeReader-Trying to infer dataType org.springframework.ui.ModelMap
2020-11-29 14:45:18.241 [restartedMain] INFO  s.d.s.w.r.operation.CachingOperationNameGenerator-Generating unique operation named: indexUsingGET_1
2020-11-29 14:45:18.265 [restartedMain] INFO  s.d.s.w.r.operation.CachingOperationNameGenerator-Generating unique operation named: getUserInfoUsingPOST_1
2020-11-29 14:45:18.302 [restartedMain] INFO  org.apache.coyote.http11.Http11NioProtocol-Starting ProtocolHandler ["http-nio-8080"]
2020-11-29 14:45:18.341 [restartedMain] INFO  o.s.boot.web.embedded.tomcat.TomcatWebServer-Tomcat started on port(s): 8080 (http) with context path ''
2020-11-29 14:45:18.348 [restartedMain] INFO  com.fire.Application-Started Application in 9.235 seconds (JVM running for 11.182)
2020-11-29 14:45:51.128 [http-nio-8080-exec-3] INFO  o.a.c.core.ContainerBase.[Tomcat].[localhost].[/]-Initializing Spring DispatcherServlet 'dispatcherServlet'
2020-11-29 14:50:10.466 [http-nio-8080-exec-8] INFO  org.apache.coyote.http11.Http11Processor-Error parsing HTTP request header
 Note: further occurrences of HTTP request parsing errors will be logged at DEBUG level.
java.lang.IllegalArgumentException: Invalid character found in method name. HTTP method names must be tokens
	at org.apache.coyote.http11.Http11InputBuffer.parseRequestLine(Http11InputBuffer.java:414)
	at org.apache.coyote.http11.Http11Processor.service(Http11Processor.java:294)
	at org.apache.coyote.AbstractProcessorLight.process(AbstractProcessorLight.java:66)
	at org.apache.coyote.AbstractProtocol$ConnectionHandler.process(AbstractProtocol.java:834)
	at org.apache.tomcat.util.net.NioEndpoint$SocketProcessor.doRun(NioEndpoint.java:1415)
	at org.apache.tomcat.util.net.SocketProcessorBase.run(SocketProcessorBase.java:49)
	at java.util.concurrent.ThreadPoolExecutor.runWorker(ThreadPoolExecutor.java:1149)
	at java.util.concurrent.ThreadPoolExecutor$Worker.run(ThreadPoolExecutor.java:624)
	at org.apache.tomcat.util.threads.TaskThread$WrappingRunnable.run(TaskThread.java:61)
	at java.lang.Thread.run(Thread.java:748)
2020-11-29 14:50:10.466 [http-nio-8080-exec-7] INFO  org.apache.coyote.http11.Http11Processor-Error parsing HTTP request header
 Note: further occurrences of HTTP request parsing errors will be logged at DEBUG level.
java.lang.IllegalArgumentException: Invalid character found in method name. HTTP method names must be tokens
	at org.apache.coyote.http11.Http11InputBuffer.parseRequestLine(Http11InputBuffer.java:414)
	at org.apache.coyote.http11.Http11Processor.service(Http11Processor.java:294)
	at org.apache.coyote.AbstractProcessorLight.process(AbstractProcessorLight.java:66)
	at org.apache.coyote.AbstractProtocol$ConnectionHandler.process(AbstractProtocol.java:834)
	at org.apache.tomcat.util.net.NioEndpoint$SocketProcessor.doRun(NioEndpoint.java:1415)
	at org.apache.tomcat.util.net.SocketProcessorBase.run(SocketProcessorBase.java:49)
	at java.util.concurrent.ThreadPoolExecutor.runWorker(ThreadPoolExecutor.java:1149)
	at java.util.concurrent.ThreadPoolExecutor$Worker.run(ThreadPoolExecutor.java:624)
	at org.apache.tomcat.util.threads.TaskThread$WrappingRunnable.run(TaskThread.java:61)
	at java.lang.Thread.run(Thread.java:748)
2020-11-29 14:59:01.039 [restartedMain] INFO  com.fire.Application-Starting Application on DESKTOP-4GCQL52 with PID 12744 (C:\Users\Angelica\Desktop\jiyun_back\target\classes started by Angelica in C:\Users\Angelica\Desktop\jiyun_back)
2020-11-29 14:59:01.043 [restartedMain] INFO  com.fire.Application-No active profile set, falling back to default profiles: default
2020-11-29 14:59:01.127 [restartedMain] INFO  o.s.b.d.env.DevToolsPropertyDefaultsPostProcessor-Devtools property defaults active! Set 'spring.devtools.add-properties' to 'false' to disable
2020-11-29 14:59:01.128 [restartedMain] INFO  o.s.b.d.env.DevToolsPropertyDefaultsPostProcessor-For additional web related logging consider setting the 'logging.level.web' property to 'DEBUG'
2020-11-29 14:59:04.852 [restartedMain] INFO  o.s.c.s.PostProcessorRegistrationDelegate$BeanPostProcessorChecker-Bean 'shiroConfig' of type [com.fire.back.config.ShiroConfig$$EnhancerBySpringCGLIB$$b93b50ee] is not eligible for getting processed by all BeanPostProcessors (for example: not eligible for auto-proxying)
2020-11-29 14:59:05.695 [restartedMain] INFO  o.s.c.s.PostProcessorRegistrationDelegate$BeanPostProcessorChecker-Bean 'hashedCredentialsMatcher' of type [org.apache.shiro.authc.credential.HashedCredentialsMatcher] is not eligible for getting processed by all BeanPostProcessors (for example: not eligible for auto-proxying)
2020-11-29 14:59:05.750 [restartedMain] INFO  o.s.c.s.PostProcessorRegistrationDelegate$BeanPostProcessorChecker-Bean 'myShiroRealm' of type [com.fire.back.config.MyShiroRealm] is not eligible for getting processed by all BeanPostProcessors (for example: not eligible for auto-proxying)
2020-11-29 14:59:05.767 [restartedMain] INFO  o.s.c.s.PostProcessorRegistrationDelegate$BeanPostProcessorChecker-Bean 'securityManager' of type [org.apache.shiro.web.mgt.DefaultWebSecurityManager] is not eligible for getting processed by all BeanPostProcessors (for example: not eligible for auto-proxying)
2020-11-29 14:59:05.884 [restartedMain] INFO  o.s.c.s.PostProcessorRegistrationDelegate$BeanPostProcessorChecker-Bean 'org.springframework.transaction.annotation.ProxyTransactionManagementConfiguration' of type [org.springframework.transaction.annotation.ProxyTransactionManagementConfiguration$$EnhancerBySpringCGLIB$$2c27e666] is not eligible for getting processed by all BeanPostProcessors (for example: not eligible for auto-proxying)
2020-11-29 14:59:05.905 [restartedMain] INFO  o.s.c.s.PostProcessorRegistrationDelegate$BeanPostProcessorChecker-Bean 'authorizationAttributeSourceAdvisor' of type [org.apache.shiro.spring.security.interceptor.AuthorizationAttributeSourceAdvisor] is not eligible for getting processed by all BeanPostProcessors (for example: not eligible for auto-proxying)
2020-11-29 14:59:06.872 [restartedMain] INFO  o.s.boot.web.embedded.tomcat.TomcatWebServer-Tomcat initialized with port(s): 8080 (http)
2020-11-29 14:59:06.895 [restartedMain] INFO  org.apache.coyote.http11.Http11NioProtocol-Initializing ProtocolHandler ["http-nio-8080"]
2020-11-29 14:59:06.909 [restartedMain] INFO  org.apache.catalina.core.StandardService-Starting service [Tomcat]
2020-11-29 14:59:06.910 [restartedMain] INFO  org.apache.catalina.core.StandardEngine-Starting Servlet engine: [Apache Tomcat/9.0.16]
2020-11-29 14:59:06.919 [restartedMain] INFO  org.apache.catalina.core.AprLifecycleListener-The APR based Apache Tomcat Native library which allows optimal performance in production environments was not found on the java.library.path: [C:\Program Files\Java\jdk1.8.0_271\bin;C:\WINDOWS\Sun\Java\bin;C:\WINDOWS\system32;C:\WINDOWS;C:\WINDOWS\system32;C:\WINDOWS;C:\WINDOWS\System32\Wbem;C:\WINDOWS\System32\WindowsPowerShell\v1.0\;C:\WINDOWS\System32\OpenSSH\;C:\Program Files\MySQL\MySQL Shell 8.0\bin\;C:\Users\Angelica\AppData\Local\Microsoft\WindowsApps;;.]
2020-11-29 14:59:07.167 [restartedMain] INFO  o.a.c.core.ContainerBase.[Tomcat].[localhost].[/]-Initializing Spring embedded WebApplicationContext
2020-11-29 14:59:07.722 [restartedMain] INFO  c.a.d.s.b.a.DruidDataSourceAutoConfigure-Init DruidDataSource
2020-11-29 14:59:08.802 [restartedMain] INFO  com.alibaba.druid.pool.DruidDataSource-{dataSource-1} inited
2020-11-29 14:59:11.245 [restartedMain] INFO  s.d.s.w.PropertySourcedRequestMappingHandlerMapping-Mapped URL path [/v2/api-docs] onto method [public org.springframework.http.ResponseEntity<springfox.documentation.spring.web.json.Json> springfox.documentation.swagger2.web.Swagger2Controller.getDocumentation(java.lang.String,javax.servlet.http.HttpServletRequest)]
2020-11-29 14:59:11.401 [restartedMain] INFO  o.s.b.d.autoconfigure.OptionalLiveReloadServer-LiveReload server is running on port 35729
2020-11-29 14:59:12.077 [restartedMain] INFO  s.d.s.web.plugins.DocumentationPluginsBootstrapper-Context refreshed
2020-11-29 14:59:12.103 [restartedMain] INFO  s.d.s.web.plugins.DocumentationPluginsBootstrapper-Found 1 custom documentation plugin(s)
2020-11-29 14:59:12.171 [restartedMain] INFO  s.d.spring.web.scanners.ApiListingReferenceScanner-Scanning for api listing references
2020-11-29 14:59:12.413 [restartedMain] INFO  s.d.s.w.r.operation.CachingOperationNameGenerator-Generating unique operation named: getListUsingPOST_1
2020-11-29 14:59:12.426 [restartedMain] INFO  s.d.s.w.r.operation.CachingOperationNameGenerator-Generating unique operation named: getAddressListUsingPOST_1
2020-11-29 14:59:12.569 [restartedMain] WARN  s.d.s.w.readers.parameter.ParameterDataTypeReader-Trying to infer dataType org.springframework.ui.ModelMap
2020-11-29 14:59:12.673 [restartedMain] WARN  s.d.s.w.readers.parameter.ParameterDataTypeReader-Trying to infer dataType org.springframework.ui.ModelMap
2020-11-29 14:59:12.676 [restartedMain] INFO  s.d.s.w.r.operation.CachingOperationNameGenerator-Generating unique operation named: indexUsingGET_1
2020-11-29 14:59:12.717 [restartedMain] INFO  s.d.s.w.r.operation.CachingOperationNameGenerator-Generating unique operation named: getUserInfoUsingPOST_1
2020-11-29 14:59:12.774 [restartedMain] INFO  org.apache.coyote.http11.Http11NioProtocol-Starting ProtocolHandler ["http-nio-8080"]
2020-11-29 14:59:12.811 [restartedMain] INFO  o.s.boot.web.embedded.tomcat.TomcatWebServer-Tomcat started on port(s): 8080 (http) with context path ''
2020-11-29 14:59:12.814 [restartedMain] INFO  com.fire.Application-Started Application in 12.407 seconds (JVM running for 14.681)
2020-11-29 15:02:51.657 [http-nio-8080-exec-1] INFO  o.a.c.core.ContainerBase.[Tomcat].[localhost].[/]-Initializing Spring DispatcherServlet 'dispatcherServlet'
