2020-08-03 18:13:16.057 [restartedMain] INFO  com.fire.Application-Starting Application on DESKTOP-8D4RPUO with PID 14824 (E:\jiyun_workspace\jiyun_back\target\classes started by qdupr in E:\jiyun_workspace\jiyun_back)
2020-08-03 18:13:16.059 [restartedMain] INFO  com.fire.Application-No active profile set, falling back to default profiles: default
2020-08-03 18:13:16.097 [restartedMain] INFO  o.s.b.d.env.DevToolsPropertyDefaultsPostProcessor-Devtools property defaults active! Set 'spring.devtools.add-properties' to 'false' to disable
2020-08-03 18:13:16.097 [restartedMain] INFO  o.s.b.d.env.DevToolsPropertyDefaultsPostProcessor-For additional web related logging consider setting the 'logging.level.web' property to 'DEBUG'
2020-08-03 18:13:17.248 [restartedMain] INFO  o.s.c.s.PostProcessorRegistrationDelegate$BeanPostProcessorChecker-Bean 'shiroConfig' of type [com.fire.back.config.ShiroConfig$$EnhancerBySpringCGLIB$$ecc45f3] is not eligible for getting processed by all BeanPostProcessors (for example: not eligible for auto-proxying)
2020-08-03 18:13:17.990 [restartedMain] INFO  o.s.c.s.PostProcessorRegistrationDelegate$BeanPostProcessorChecker-Bean 'hashedCredentialsMatcher' of type [org.apache.shiro.authc.credential.HashedCredentialsMatcher] is not eligible for getting processed by all BeanPostProcessors (for example: not eligible for auto-proxying)
2020-08-03 18:13:18.001 [restartedMain] INFO  o.s.c.s.PostProcessorRegistrationDelegate$BeanPostProcessorChecker-Bean 'myShiroRealm' of type [com.fire.back.config.MyShiroRealm] is not eligible for getting processed by all BeanPostProcessors (for example: not eligible for auto-proxying)
2020-08-03 18:13:18.004 [restartedMain] INFO  o.s.c.s.PostProcessorRegistrationDelegate$BeanPostProcessorChecker-Bean 'securityManager' of type [org.apache.shiro.web.mgt.DefaultWebSecurityManager] is not eligible for getting processed by all BeanPostProcessors (for example: not eligible for auto-proxying)
2020-08-03 18:13:18.044 [restartedMain] INFO  o.s.c.s.PostProcessorRegistrationDelegate$BeanPostProcessorChecker-Bean 'org.springframework.transaction.annotation.ProxyTransactionManagementConfiguration' of type [org.springframework.transaction.annotation.ProxyTransactionManagementConfiguration$$EnhancerBySpringCGLIB$$81b8db6b] is not eligible for getting processed by all BeanPostProcessors (for example: not eligible for auto-proxying)
2020-08-03 18:13:18.054 [restartedMain] INFO  o.s.c.s.PostProcessorRegistrationDelegate$BeanPostProcessorChecker-Bean 'authorizationAttributeSourceAdvisor' of type [org.apache.shiro.spring.security.interceptor.AuthorizationAttributeSourceAdvisor] is not eligible for getting processed by all BeanPostProcessors (for example: not eligible for auto-proxying)
2020-08-03 18:13:18.459 [restartedMain] INFO  o.s.boot.web.embedded.tomcat.TomcatWebServer-Tomcat initialized with port(s): 8081 (http)
2020-08-03 18:13:18.471 [restartedMain] INFO  org.apache.coyote.http11.Http11NioProtocol-Initializing ProtocolHandler ["http-nio-8081"]
2020-08-03 18:13:18.484 [restartedMain] INFO  org.apache.catalina.core.StandardService-Starting service [Tomcat]
2020-08-03 18:13:18.484 [restartedMain] INFO  org.apache.catalina.core.StandardEngine-Starting Servlet engine: [Apache Tomcat/9.0.16]
2020-08-03 18:13:18.491 [restartedMain] INFO  org.apache.catalina.core.AprLifecycleListener-The APR based Apache Tomcat Native library which allows optimal performance in production environments was not found on the java.library.path: [C:\Program Files\Java\jdk1.8.0_221\bin;C:\WINDOWS\Sun\Java\bin;C:\WINDOWS\system32;C:\WINDOWS;C:\Program Files\Java\jdk1.8.0_221\bin;C:\Program Files (x86)\Common Files\Oracle\Java\javapath;C:\WINDOWS\system32;C:\WINDOWS;C:\WINDOWS\System32\Wbem;C:\WINDOWS\System32\WindowsPowerShell\v1.0\;C:\WINDOWS\System32\OpenSSH\;D:\software\Git\cmd;C:\Program Files (x86)\NVIDIA Corporation\PhysX\Common;C:\Program Files\OpenSSL-Win64\bin;C:\Users\qdupr\AppData\Local\Microsoft\WindowsApps;;D:\software\Microsoft VS Code\bin;.]
2020-08-03 18:13:18.593 [restartedMain] INFO  o.a.c.core.ContainerBase.[Tomcat].[localhost].[/]-Initializing Spring embedded WebApplicationContext
2020-08-03 18:13:18.816 [restartedMain] INFO  c.a.d.s.b.a.DruidDataSourceAutoConfigure-Init DruidDataSource
2020-08-03 18:13:20.043 [restartedMain] INFO  com.alibaba.druid.pool.DruidDataSource-{dataSource-1} inited
2020-08-03 18:13:20.900 [restartedMain] INFO  s.d.s.w.PropertySourcedRequestMappingHandlerMapping-Mapped URL path [/v2/api-docs] onto method [public org.springframework.http.ResponseEntity<springfox.documentation.spring.web.json.Json> springfox.documentation.swagger2.web.Swagger2Controller.getDocumentation(java.lang.String,javax.servlet.http.HttpServletRequest)]
2020-08-03 18:13:21.008 [restartedMain] INFO  o.s.b.d.autoconfigure.OptionalLiveReloadServer-LiveReload server is running on port 35729
2020-08-03 18:13:21.395 [restartedMain] INFO  s.d.s.web.plugins.DocumentationPluginsBootstrapper-Context refreshed
2020-08-03 18:13:21.407 [restartedMain] INFO  s.d.s.web.plugins.DocumentationPluginsBootstrapper-Found 1 custom documentation plugin(s)
2020-08-03 18:13:21.446 [restartedMain] INFO  s.d.spring.web.scanners.ApiListingReferenceScanner-Scanning for api listing references
2020-08-03 18:13:21.586 [restartedMain] INFO  s.d.s.w.r.operation.CachingOperationNameGenerator-Generating unique operation named: getListUsingPOST_1
2020-08-03 18:13:21.595 [restartedMain] INFO  s.d.s.w.r.operation.CachingOperationNameGenerator-Generating unique operation named: getAddressListUsingPOST_1
2020-08-03 18:13:21.685 [restartedMain] WARN  s.d.s.w.readers.parameter.ParameterDataTypeReader-Trying to infer dataType org.springframework.ui.ModelMap
2020-08-03 18:13:21.716 [restartedMain] WARN  s.d.s.w.readers.parameter.ParameterDataTypeReader-Trying to infer dataType org.springframework.ui.ModelMap
2020-08-03 18:13:21.717 [restartedMain] INFO  s.d.s.w.r.operation.CachingOperationNameGenerator-Generating unique operation named: indexUsingGET_1
2020-08-03 18:13:21.732 [restartedMain] INFO  s.d.s.w.r.operation.CachingOperationNameGenerator-Generating unique operation named: getUserInfoUsingPOST_1
2020-08-03 18:13:21.751 [restartedMain] INFO  org.apache.coyote.http11.Http11NioProtocol-Starting ProtocolHandler ["http-nio-8081"]
2020-08-03 18:13:21.772 [restartedMain] INFO  o.s.boot.web.embedded.tomcat.TomcatWebServer-Tomcat started on port(s): 8081 (http) with context path ''
2020-08-03 18:13:21.775 [restartedMain] INFO  com.fire.Application-Started Application in 6.059 seconds (JVM running for 7.453)
2020-08-03 18:13:38.538 [http-nio-8081-exec-1] INFO  o.a.c.core.ContainerBase.[Tomcat].[localhost].[/]-Initializing Spring DispatcherServlet 'dispatcherServlet'
